2025-07-01 11:54:07 - Requesting virtual account for token: b63aec03044da17d86170018b02a51d8, API URL: https://api-v1.aspfiy.com/reserve-palmpay/, Payload: {"reference":"ref_6863cc5fde2f5","firstName":"admin","lastName":"admin","email":"admin@gmail.com","phone":"07066620622","webhookUrl":"https:\/\/esmaeldatasub.com.ng\/webhook\/aspfiy\/index.php"}
2025-07-01 11:54:09 - API Response: HTTP Code: 200, Response: {"status":true,"message":"Account reserved","data":{"reference":"ref_6863cc5fde2f5","account":{"account_number":"6665538608","account_name":"Aspfiy-Esmaeldatasub  admin","bank_name":"Palmpay","created_at":"2025-07-01 12:54:09"},"meta":{"firstName":"admin","lastName":"admin","email":"admin@gmail.com"},"webhook_url":"https:\/\/esmaeldatasub.com.ng\/webhook\/aspfiy\/index.php"}}
2025-07-01 11:54:09 - Successfully created virtual account: 6665538608 for token: b63aec03044da17d86170018b02a51d8
2025-08-23 19:58:58 - Requesting virtual account for token: 680941b8e84bcfc20f223f6cf49ee3c8, API URL: https://api-v1.aspfiy.com/reserve-palmpay/, Payload: {"reference":"ref_68aa1d8216d2e","firstName":"Maryam usman","lastName":"Muhammad","email":"hafsausmanmuhammad275@gmail.com","phone":"07047955230","webhookUrl":"https:\/\/esmaeldatasub.com.ng\/webhook\/aspfiy\/index.php"}
2025-08-23 19:59:00 - API Response: HTTP Code: 200, Response: {"status":true,"message":"Account reserved","data":{"reference":"ref_68aa1d8216d2e","account":{"account_number":"6693009331","account_name":"Aspfiy-Alihisandata Maryam usman","bank_name":"Palmpay","created_at":"2025-08-23 08:59:16"},"meta":{"firstName":"Maryam usman","lastName":"Muhammad","email":"hafsausmanmuhammad275@gmail.com"},"webhook_url":"https:\/\/esmaeldatasub.com.ng\/webhook\/aspfiy\/index.php"}}
2025-08-23 19:59:00 - Successfully created virtual account: 6693009331 for token: 680941b8e84bcfc20f223f6cf49ee3c8
2025-08-24 13:26:33 - Requesting virtual account for token: a19bbc8e19a50e78f76da1c15cb92098, API URL: https://api-v1.aspfiy.com/reserve-palmpay/, Payload: {"reference":"ref_68ab1309beb46","firstName":"Sani","lastName":"Muhammad","email":"sani200200m@gmail.com","phone":"09133698150","webhookUrl":"https:\/\/esmaeldatasub.com.ng\/webhook\/aspfiy\/index.php"}
2025-08-24 13:26:36 - API Response: HTTP Code: 200, Response: {"status":true,"message":"Account reserved","data":{"reference":"ref_68ab1309beb46","account":{"account_number":"6659544840","account_name":"Aspfiy-Alihisandata Sani","bank_name":"Palmpay","created_at":"2025-08-24 02:26:53"},"meta":{"firstName":"Sani","lastName":"Muhammad","email":"sani200200m@gmail.com"},"webhook_url":"https:\/\/esmaeldatasub.com.ng\/webhook\/aspfiy\/index.php"}}
2025-08-24 13:26:36 - Successfully created virtual account: 6659544840 for token: a19bbc8e19a50e78f76da1c15cb92098
2025-08-24 16:39:40 - Requesting virtual account for token: 54b58c62e34435037b9ff35662697ac3, API URL: https://api-v1.aspfiy.com/reserve-palmpay/, Payload: {"reference":"ref_68ab404c8307c","firstName":"Adamu","lastName":"Umar","email":"Danyayaning@gmail.com","phone":"08104144445","webhookUrl":"https:\/\/esmaeldatasub.com.ng\/webhook\/aspfiy\/index.php"}
2025-08-24 16:39:43 - API Response: HTTP Code: 200, Response: {"status":true,"message":"Account reserved","data":{"reference":"ref_68ab404c8307c","account":{"account_number":"6604733097","account_name":"Aspfiy-Alihisandata Adamu","bank_name":"Palmpay","created_at":"2025-08-24 05:40:00"},"meta":{"firstName":"Adamu","lastName":"Umar","email":"Danyayaning@gmail.com"},"webhook_url":"https:\/\/esmaeldatasub.com.ng\/webhook\/aspfiy\/index.php"}}
2025-08-24 16:39:43 - Successfully created virtual account: 6604733097 for token: 54b58c62e34435037b9ff35662697ac3
2025-08-24 17:57:42 - Requesting virtual account for token: a934a7b990fc5c9abe9dfdf56a60b4c3, API URL: https://api-v1.aspfiy.com/reserve-palmpay/, Payload: {"reference":"ref_68ab5296ce90e","firstName":"Abubakar","lastName":"Aliyu","email":"dangwari2000@gmail.com","phone":"08067328424","webhookUrl":"https:\/\/esmaeldatasub.com.ng\/webhook\/aspfiy\/index.php"}
2025-08-24 17:57:43 - API Response: HTTP Code: 0, Response: 
2025-08-24 17:57:43 - cURL Error: error:14094458:SSL routines:ssl3_read_bytes:tlsv1 unrecognized name
2025-08-24 19:35:21 - Requesting virtual account for token: a934a7b990fc5c9abe9dfdf56a60b4c3, API URL: https://api-v1.aspfiy.com/reserve-palmpay/, Payload: {"reference":"ref_68ab69793e67d","firstName":"Abubakar","lastName":"Aliyu","email":"dangwari2000@gmail.com","phone":"08067328424","webhookUrl":"https:\/\/esmaeldatasub.com.ng\/webhook\/aspfiy\/index.php"}
2025-08-24 19:35:23 - API Response: HTTP Code: 200, Response: {"status":true,"message":"Account reserved","data":{"reference":"ref_68ab69793e67d","account":{"account_number":"6636603812","account_name":"Aspfiy-Alihisandata Abubakar","bank_name":"Palmpay","created_at":"2025-08-24 08:35:41"},"meta":{"firstName":"Abubakar","lastName":"Aliyu","email":"dangwari2000@gmail.com"},"webhook_url":"https:\/\/esmaeldatasub.com.ng\/webhook\/aspfiy\/index.php"}}
2025-08-24 19:35:23 - Successfully created virtual account: 6636603812 for token: a934a7b990fc5c9abe9dfdf56a60b4c3
2025-08-24 20:31:14 - Requesting virtual account for token: 6307983ac9f4abf9136a309b20f11049, API URL: https://api-v1.aspfiy.com/reserve-palmpay/, Payload: {"reference":"ref_68ab7692bcc69","firstName":"NAFIU","lastName":"IBRAHIM","email":"ibrahimnafeeu2023@gmail.com","phone":"09133074494","webhookUrl":"https:\/\/esmaeldatasub.com.ng\/webhook\/aspfiy\/index.php"}
2025-08-24 20:31:17 - API Response: HTTP Code: 200, Response: {"status":true,"message":"Account reserved","data":{"reference":"ref_68ab7692bcc69","account":{"account_number":"6608106944","account_name":"Aspfiy-Alihisandata NAFIU","bank_name":"Palmpay","created_at":"2025-08-24 09:31:34"},"meta":{"firstName":"NAFIU","lastName":"IBRAHIM","email":"ibrahimnafeeu2023@gmail.com"},"webhook_url":"https:\/\/esmaeldatasub.com.ng\/webhook\/aspfiy\/index.php"}}
2025-08-24 20:31:17 - Successfully created virtual account: 6608106944 for token: 6307983ac9f4abf9136a309b20f11049
2025-08-25 03:25:15 - Requesting virtual account for token: 540bcf8a16bd7f1e5d1cc2e93f6ff748, API URL: https://api-v1.aspfiy.com/reserve-palmpay/, Payload: {"reference":"ref_68abd79bd868a","firstName":"abdulmajid","lastName":"abdulsamad","email":"abdulmajeedabdulsamad88@gmail.com","phone":"08034533286","webhookUrl":"https:\/\/esmaeldatasub.com.ng\/webhook\/aspfiy\/index.php"}
2025-08-25 03:25:18 - API Response: HTTP Code: 200, Response: {"status":true,"message":"Account reserved","data":{"reference":"ref_68abd79bd868a","account":{"account_number":"6666097416","account_name":"Aspfiy-Alihisandata abdulmajid","bank_name":"Palmpay","created_at":"2025-08-25 04:25:36"},"meta":{"firstName":"abdulmajid","lastName":"abdulsamad","email":"abdulmajeedabdulsamad88@gmail.com"},"webhook_url":"https:\/\/esmaeldatasub.com.ng\/webhook\/aspfiy\/index.php"}}
2025-08-25 03:25:18 - Successfully created virtual account: 6666097416 for token: 540bcf8a16bd7f1e5d1cc2e93f6ff748
2025-08-25 04:19:06 - Requesting virtual account for token: b87266f42238a453c9f9b805b5bd81c7, API URL: https://api-v1.aspfiy.com/reserve-account/, Payload: {"reference":"ref_68abe43adf155","firstName":"zahara","lastName":"Adamu","email":"zaharaddinadam305@gmail.com","phone":"09078448456","webhookUrl":"https:\/\/esmaeldatasub.com.ng\/webhook\/aspfiy\/index.php"}
2025-08-25 04:19:08 - API Response: HTTP Code: 200, Response: {"status":false,"message":"Email already exist"}
2025-08-25 04:19:08 - Failed to retrieve account details from ASPFY API for token: b87266f42238a453c9f9b805b5bd81c7
2025-08-25 04:40:45 - Requesting virtual account for token: 540bcf8a16bd7f1e5d1cc2e93f6ff748, API URL: https://api-v1.aspfiy.com/reserve-paga/, Payload: {"reference":"ref_68abe94d9d2a8","firstName":"abdulmajid","lastName":"abdulsamad","email":"abdulmajeedabdulsamad88@gmail.com","phone":"08034533286","webhookUrl":"https:\/\/esmaeldatasub.com.ng\/webhook\/aspfiy\/index.php"}
2025-08-25 04:40:50 - API Response: HTTP Code: 200, Response: {"status":true,"message":"Account reserved","data":{"reference":"ref_68abe94d9d2a8","account":{"account_number":"1724416344","account_name":"Aspfiy-Alihisandata abdulmajid","bank_name":"Paga","created_at":"2025-08-25 05:41:07"},"meta":{"firstName":"abdulmajid","lastName":"abdulsamad","email":"abdulmajeedabdulsamad88@gmail.com"},"webhook_url":"https:\/\/esmaeldatasub.com.ng\/webhook\/aspfiy\/index.php"}}
2025-08-25 04:40:50 - Successfully created virtual account: 1724416344 for token: 540bcf8a16bd7f1e5d1cc2e93f6ff748
2025-08-25 05:58:04 - Requesting virtual account for token: db3b625d7cf31c059ee6be26216221b2, API URL: https://api-v1.aspfiy.com/reserve-palmpay/, Payload: {"reference":"ref_68abfb6ca16a3","firstName":"Usman","lastName":"Usman","email":"usmanmisbahu991@gmail.com","phone":"07031098809","webhookUrl":"https:\/\/esmaeldatasub.com.ng\/webhook\/aspfiy\/index.php"}
2025-08-25 05:58:07 - API Response: HTTP Code: 200, Response: {"status":true,"message":"Account reserved","data":{"reference":"ref_68abfb6ca16a3","account":{"account_number":"6660567616","account_name":"Aspfiy-Alihisandata Usman","bank_name":"Palmpay","created_at":"2025-08-25 06:58:25"},"meta":{"firstName":"Usman","lastName":"Usman","email":"usmanmisbahu991@gmail.com"},"webhook_url":"https:\/\/esmaeldatasub.com.ng\/webhook\/aspfiy\/index.php"}}
2025-08-25 05:58:07 - Successfully created virtual account: 6660567616 for token: db3b625d7cf31c059ee6be26216221b2
2025-08-25 06:24:26 - Requesting virtual account for token: db3b625d7cf31c059ee6be26216221b2, API URL: https://api-v1.aspfiy.com/reserve-paga/, Payload: {"reference":"ref_68ac019a68b70","firstName":"Usman","lastName":"Usman","email":"usmanmisbahu991@gmail.com","phone":"07031098809","webhookUrl":"https:\/\/esmaeldatasub.com.ng\/webhook\/aspfiy\/index.php"}
2025-08-25 06:24:28 - API Response: HTTP Code: 200, Response: {"status":true,"message":"Account reserved","data":{"reference":"ref_68ac019a68b70","account":{"account_number":"0028711805","account_name":"Aspfiy-Alihisandata Usman","bank_name":"Paga","created_at":"2025-08-25 07:24:46"},"meta":{"firstName":"Usman","lastName":"Usman","email":"usmanmisbahu991@gmail.com"},"webhook_url":"https:\/\/esmaeldatasub.com.ng\/webhook\/aspfiy\/index.php"}}
2025-08-25 06:24:28 - Successfully created virtual account: 0028711805 for token: db3b625d7cf31c059ee6be26216221b2
2025-08-25 06:27:10 - Requesting virtual account for token: dbec2d91912dc237e5ab3564ce60839c, API URL: https://api-v1.aspfiy.com/reserve-palmpay/, Payload: {"reference":"ref_68ac023e34ef6","firstName":"Usman","lastName":"Mu","email":"usmanteach784@gmail.com","phone":"08126265583","webhookUrl":"https:\/\/esmaeldatasub.com.ng\/webhook\/aspfiy\/index.php"}
2025-08-25 06:27:12 - API Response: HTTP Code: 200, Response: {"status":true,"message":"Account reserved","data":{"reference":"ref_68ac023e34ef6","account":{"account_number":"6642825952","account_name":"Aspfiy-Alihisandata Usman","bank_name":"Palmpay","created_at":"2025-08-25 07:27:30"},"meta":{"firstName":"Usman","lastName":"Mu","email":"usmanteach784@gmail.com"},"webhook_url":"https:\/\/esmaeldatasub.com.ng\/webhook\/aspfiy\/index.php"}}
2025-08-25 06:27:12 - Successfully created virtual account: 6642825952 for token: dbec2d91912dc237e5ab3564ce60839c
2025-08-25 06:27:51 - Requesting virtual account for token: dbec2d91912dc237e5ab3564ce60839c, API URL: https://api-v1.aspfiy.com/reserve-paga/, Payload: {"reference":"ref_68ac02673b8de","firstName":"Usman","lastName":"Mu","email":"usmanteach784@gmail.com","phone":"08126265583","webhookUrl":"https:\/\/esmaeldatasub.com.ng\/webhook\/aspfiy\/index.php"}
2025-08-25 06:27:53 - API Response: HTTP Code: 200, Response: {"status":true,"message":"Account reserved","data":{"reference":"ref_68ac02673b8de","account":{"account_number":"2683793701","account_name":"Aspfiy-Alihisandata Usman","bank_name":"Paga","created_at":"2025-08-25 07:28:11"},"meta":{"firstName":"Usman","lastName":"Mu","email":"usmanteach784@gmail.com"},"webhook_url":"https:\/\/esmaeldatasub.com.ng\/webhook\/aspfiy\/index.php"}}
2025-08-25 06:27:53 - Successfully created virtual account: 2683793701 for token: dbec2d91912dc237e5ab3564ce60839c
2025-08-25 06:28:03 - Requesting virtual account for token: dbec2d91912dc237e5ab3564ce60839c, API URL: https://api-v1.aspfiy.com/reserve-account/, Payload: {"reference":"ref_68ac0273e7f02","firstName":"Usman","lastName":"Mu","email":"usmanteach784@gmail.com","phone":"08126265583","webhookUrl":"https:\/\/esmaeldatasub.com.ng\/webhook\/aspfiy\/index.php"}
2025-08-25 06:28:04 - API Response: HTTP Code: 200, Response: {"status":false,"message":"Email already exist"}
2025-08-25 06:28:04 - Failed to retrieve account details from ASPFY API for token: dbec2d91912dc237e5ab3564ce60839c
2025-08-25 06:48:18 - Requesting virtual account for token: fd46878afc6801ca910aa11f0fbbcadc, API URL: https://api-v1.aspfiy.com/reserve-palmpay/, Payload: {"reference":"ref_68ac073239fb6","firstName":"Adamu","lastName":"Musa","email":"usmanteach4@gmail.com","phone":"07087427896","webhookUrl":"https:\/\/esmaeldatasub.com.ng\/webhook\/aspfiy\/index.php"}
2025-08-25 06:48:20 - API Response: HTTP Code: 200, Response: {"status":true,"message":"Account reserved","data":{"reference":"ref_68ac073239fb6","account":{"account_number":"6682386602","account_name":"Aspfiy-Alihisandata Adamu","bank_name":"Palmpay","created_at":"2025-08-25 07:48:38"},"meta":{"firstName":"Adamu","lastName":"Musa","email":"usmanteach4@gmail.com"},"webhook_url":"https:\/\/esmaeldatasub.com.ng\/webhook\/aspfiy\/index.php"}}
2025-08-25 06:48:20 - Successfully created virtual account: 6682386602 for token: fd46878afc6801ca910aa11f0fbbcadc
2025-08-25 07:00:55 - Requesting virtual account for token: fd46878afc6801ca910aa11f0fbbcadc, API URL: https://api-v1.aspfiy.com/reserve-paga/, Payload: {"reference":"ref_68ac0a2700be0","firstName":"Adamu","lastName":"Musa","email":"usmanteach4@gmail.com","phone":"07087427896","webhookUrl":"https:\/\/esmaeldatasub.com.ng\/webhook\/aspfiy\/index.php"}
2025-08-25 07:00:59 - API Response: HTTP Code: 200, Response: {"status":true,"message":"Account reserved","data":{"reference":"ref_68ac0a2700be0","account":{"account_number":"2289790690","account_name":"Aspfiy-Alihisandata Adamu","bank_name":"Paga","created_at":"2025-08-25 08:01:17"},"meta":{"firstName":"Adamu","lastName":"Musa","email":"usmanteach4@gmail.com"},"webhook_url":"https:\/\/esmaeldatasub.com.ng\/webhook\/aspfiy\/index.php"}}
2025-08-25 07:01:00 - Successfully created virtual account: 2289790690 for token: fd46878afc6801ca910aa11f0fbbcadc
2025-08-25 07:04:08 - Requesting virtual account for token: c10b137abb3defb49de4d129f4518957, API URL: https://api-v1.aspfiy.com/reserve-palmpay/, Payload: {"reference":"ref_68ac0ae8253b1","firstName":"Abubakar","lastName":"Muhammed","email":"abubakarminuwa61@gmail.com","phone":"07061319754","webhookUrl":"https:\/\/esmaeldatasub.com.ng\/webhook\/aspfiy\/index.php"}
2025-08-25 07:04:10 - API Response: HTTP Code: 200, Response: {"status":true,"message":"Account reserved","data":{"reference":"ref_68ac0ae8253b1","account":{"account_number":"6657702826","account_name":"Aspfiy-Alihisandata Abubakar","bank_name":"Palmpay","created_at":"2025-08-25 08:04:28"},"meta":{"firstName":"Abubakar","lastName":"Muhammed","email":"abubakarminuwa61@gmail.com"},"webhook_url":"https:\/\/esmaeldatasub.com.ng\/webhook\/aspfiy\/index.php"}}
2025-08-25 07:04:10 - Successfully created virtual account: 6657702826 for token: c10b137abb3defb49de4d129f4518957
2025-08-25 13:01:40 - Requesting virtual account for token: ae1dcaf189066ee99add45b2aa8f3a22, API URL: https://api-v1.aspfiy.com/reserve-paga/, Payload: {"reference":"ref_68ac5eb45d0ea","firstName":"amana","lastName":"amana","email":"zaharadinadam4@gmai.com","phone":"08160107472","webhookUrl":"https:\/\/alihisandata.com.ng\/webhook\/aspfiy\/index.php"}
2025-08-25 13:01:42 - API Response: HTTP Code: 200, Response: {"status":true,"message":"Account reserved","data":{"reference":"ref_68ac5eb45d0ea","account":{"account_number":"2144047367","account_name":"Aspfiy-Alihisandata amana","bank_name":"Paga","created_at":"2025-08-25 02:02:01"},"meta":{"firstName":"amana","lastName":"amana","email":"zaharadinadam4@gmai.com"},"webhook_url":"https:\/\/alihisandata.com.ng\/webhook\/aspfiy\/index.php"}}
2025-08-25 13:01:43 - Successfully created virtual account: 2144047367 for token: ae1dcaf189066ee99add45b2aa8f3a22
2025-08-25 14:55:45 - Requesting virtual account for token: bebff7b533a71ac0f4a2cd74e3816bfb, API URL: https://api-v1.aspfiy.com/reserve-palmpay/, Payload: {"reference":"ref_68ac79715abae","firstName":"Usman","lastName":"Usman","email":"usmanmisbahu991@gmail.com","phone":"07031098809","webhookUrl":"https:\/\/alihisandata.com.ng\/webhook\/aspfiy\/index.php"}
2025-08-25 14:55:47 - API Response: HTTP Code: 200, Response: {"status":true,"message":"Account reserved","data":{"reference":"ref_68ac79715abae","account":{"account_number":"6697978119","account_name":"Aspfiy-Alihisandata Usman","bank_name":"Palmpay","created_at":"2025-08-25 03:56:05"},"meta":{"firstName":"Usman","lastName":"Usman","email":"usmanmisbahu991@gmail.com"},"webhook_url":"https:\/\/alihisandata.com.ng\/webhook\/aspfiy\/index.php"}}
2025-08-25 14:55:48 - Successfully created virtual account: 6697978119 for token: bebff7b533a71ac0f4a2cd74e3816bfb
2025-08-25 15:52:14 - Requesting virtual account for token: 5c54c18217ab2658887700ad6c94c651, API URL: https://api-v1.aspfiy.com/reserve-palmpay/, Payload: {"reference":"ref_68ac86ae5b82f","firstName":"Hady","lastName":"hady","email":"ordinary.hadi313@gmail.com","phone":"07035299903","webhookUrl":"https:\/\/alihisandata.com.ng\/webhook\/aspfiy\/index.php"}
2025-08-25 15:52:16 - API Response: HTTP Code: 200, Response: {"status":true,"message":"Account reserved","data":{"reference":"ref_68ac86ae5b82f","account":{"account_number":"6669933520","account_name":"Aspfiy-Alihisandata Hady","bank_name":"Palmpay","created_at":"2025-08-25 04:52:35"},"meta":{"firstName":"Hady","lastName":"hady","email":"ordinary.hadi313@gmail.com"},"webhook_url":"https:\/\/alihisandata.com.ng\/webhook\/aspfiy\/index.php"}}
2025-08-25 15:52:17 - Successfully created virtual account: 6669933520 for token: 5c54c18217ab2658887700ad6c94c651
2025-08-25 15:55:09 - Requesting virtual account for token: c91d9649b7b3b9abf2c6964797bf0007, API URL: https://api-v1.aspfiy.com/reserve-palmpay/, Payload: {"reference":"ref_68ac875dd9af6","firstName":"Hassan","lastName":"sani","email":"Hassan111sani@gmail.com","phone":"08160745674","webhookUrl":"https:\/\/alihisandata.com.ng\/webhook\/aspfiy\/index.php"}
2025-08-25 15:55:12 - API Response: HTTP Code: 200, Response: {"status":true,"message":"Account reserved","data":{"reference":"ref_68ac875dd9af6","account":{"account_number":"6639209183","account_name":"Aspfiy-Alihisandata Hassan","bank_name":"Palmpay","created_at":"2025-08-25 04:55:30"},"meta":{"firstName":"Hassan","lastName":"sani","email":"Hassan111sani@gmail.com"},"webhook_url":"https:\/\/alihisandata.com.ng\/webhook\/aspfiy\/index.php"}}
2025-08-25 15:55:12 - Successfully created virtual account: 6639209183 for token: c91d9649b7b3b9abf2c6964797bf0007
2025-08-25 22:01:23 - Requesting virtual account for token: dcaaa6342d938a23b528a5cb9e31c603, API URL: https://api-v1.aspfiy.com/reserve-palmpay/, Payload: {"reference":"ref_68acdd33e4004","firstName":"Khairan","lastName":"global services","email":"aminuusmanumar08@gmail.com","phone":"09027205596","webhookUrl":"https:\/\/alihisandata.com.ng\/webhook\/aspfiy\/index.php"}
2025-08-25 22:01:26 - API Response: HTTP Code: 200, Response: {"status":true,"message":"Account reserved","data":{"reference":"ref_68acdd33e4004","account":{"account_number":"6604501818","account_name":"Aspfiy-Alihisandata Khairan","bank_name":"Palmpay","created_at":"2025-08-25 11:01:45"},"meta":{"firstName":"Khairan","lastName":"global services","email":"aminuusmanumar08@gmail.com"},"webhook_url":"https:\/\/alihisandata.com.ng\/webhook\/aspfiy\/index.php"}}
2025-08-25 22:01:26 - Successfully created virtual account: 6604501818 for token: dcaaa6342d938a23b528a5cb9e31c603
2025-08-26 07:20:09 - Requesting virtual account for token: f592e67a76589aaa974ee84e8a354fad, API URL: https://api-v1.aspfiy.com/reserve-palmpay/, Payload: {"reference":"ref_68ad6029cca2e","firstName":"Abubakar","lastName":"Aliyu","email":"abubakaraliyudabai3120000@gmail.com","phone":"07087878775","webhookUrl":"https:\/\/alihisandata.com.ng\/webhook\/aspfiy\/index.php"}
2025-08-26 07:20:12 - API Response: HTTP Code: 200, Response: {"status":true,"message":"Account reserved","data":{"reference":"ref_68ad6029cca2e","account":{"account_number":"6681558939","account_name":"Aspfiy-Alihisandata Abubakar","bank_name":"Palmpay","created_at":"2025-08-26 08:20:31"},"meta":{"firstName":"Abubakar","lastName":"Aliyu","email":"abubakaraliyudabai3120000@gmail.com"},"webhook_url":"https:\/\/alihisandata.com.ng\/webhook\/aspfiy\/index.php"}}
2025-08-26 07:20:16 - Successfully created virtual account: 6681558939 for token: f592e67a76589aaa974ee84e8a354fad
2025-08-26 07:28:36 - Requesting virtual account for token: f592e67a76589aaa974ee84e8a354fad, API URL: https://api-v1.aspfiy.com/reserve-paga/, Payload: {"reference":"ref_68ad6224401e9","firstName":"Abubakar","lastName":"Aliyu","email":"abubakaraliyudabai3120000@gmail.com","phone":"07087878775","webhookUrl":"https:\/\/alihisandata.com.ng\/webhook\/aspfiy\/index.php"}
2025-08-26 07:28:38 - API Response: HTTP Code: 200, Response: {"status":true,"message":"Account reserved","data":{"reference":"ref_68ad6224401e9","account":{"account_number":"2737121115","account_name":"Aspfiy-Alihisandata Abubakar","bank_name":"Paga","created_at":"2025-08-26 08:28:57"},"meta":{"firstName":"Abubakar","lastName":"Aliyu","email":"abubakaraliyudabai3120000@gmail.com"},"webhook_url":"https:\/\/alihisandata.com.ng\/webhook\/aspfiy\/index.php"}}
2025-08-26 07:28:38 - Successfully created virtual account: 2737121115 for token: f592e67a76589aaa974ee84e8a354fad
2025-08-26 07:28:48 - Requesting virtual account for token: f592e67a76589aaa974ee84e8a354fad, API URL: https://api-v1.aspfiy.com/reserve-account/, Payload: {"reference":"ref_68ad62308eba4","firstName":"Abubakar","lastName":"Aliyu","email":"abubakaraliyudabai3120000@gmail.com","phone":"07087878775","webhookUrl":"https:\/\/alihisandata.com.ng\/webhook\/aspfiy\/index.php"}
2025-08-26 07:28:48 - API Response: HTTP Code: 200, Response: {"status":false,"message":"Email already exist"}
2025-08-26 07:28:48 - Failed to retrieve account details from ASPFY API for token: f592e67a76589aaa974ee84e8a354fad
2025-08-26 07:28:56 - Requesting virtual account for token: f592e67a76589aaa974ee84e8a354fad, API URL: https://api-v1.aspfiy.com/reserve-account/, Payload: {"reference":"ref_68ad623884ab6","firstName":"Abubakar","lastName":"Aliyu","email":"abubakaraliyudabai3120000@gmail.com","phone":"07087878775","webhookUrl":"https:\/\/alihisandata.com.ng\/webhook\/aspfiy\/index.php"}
2025-08-26 07:28:56 - API Response: HTTP Code: 200, Response: {"status":false,"message":"Email already exist"}
2025-08-26 07:28:56 - Failed to retrieve account details from ASPFY API for token: f592e67a76589aaa974ee84e8a354fad
2025-08-26 07:29:16 - Requesting virtual account for token: f592e67a76589aaa974ee84e8a354fad, API URL: https://api-v1.aspfiy.com/reserve-account/, Payload: {"reference":"ref_68ad624ce2bc5","firstName":"Abubakar","lastName":"Aliyu","email":"abubakaraliyudabai3120000@gmail.com","phone":"07087878775","webhookUrl":"https:\/\/alihisandata.com.ng\/webhook\/aspfiy\/index.php"}
2025-08-26 07:29:17 - API Response: HTTP Code: 200, Response: {"status":false,"message":"Email already exist"}
2025-08-26 07:29:17 - Failed to retrieve account details from ASPFY API for token: f592e67a76589aaa974ee84e8a354fad
2025-08-26 07:31:02 - Requesting virtual account for token: f592e67a76589aaa974ee84e8a354fad, API URL: https://api-v1.aspfiy.com/reserve-account/, Payload: {"reference":"ref_68ad62b618f72","firstName":"Abubakar","lastName":"Aliyu","email":"abubakaraliyudabai3120000@gmail.com","phone":"07087878775","webhookUrl":"https:\/\/alihisandata.com.ng\/webhook\/aspfiy\/index.php"}
2025-08-26 07:31:03 - API Response: HTTP Code: 200, Response: {"status":false,"message":"Email already exist"}
2025-08-26 07:31:03 - Failed to retrieve account details from ASPFY API for token: f592e67a76589aaa974ee84e8a354fad
2025-08-26 07:31:12 - Requesting virtual account for token: f592e67a76589aaa974ee84e8a354fad, API URL: https://api-v1.aspfiy.com/reserve-account/, Payload: {"reference":"ref_68ad62c0db981","firstName":"Abubakar","lastName":"Aliyu","email":"abubakaraliyudabai3120000@gmail.com","phone":"07087878775","webhookUrl":"https:\/\/alihisandata.com.ng\/webhook\/aspfiy\/index.php"}
2025-08-26 07:31:13 - API Response: HTTP Code: 200, Response: {"status":false,"message":"Email already exist"}
2025-08-26 07:31:13 - Failed to retrieve account details from ASPFY API for token: f592e67a76589aaa974ee84e8a354fad
2025-08-26 08:27:37 - Requesting virtual account for token: 1aa808f6ee38ab9a68c5edf009bb7d59, API URL: https://api-v1.aspfiy.com/reserve-palmpay/, Payload: {"reference":"ref_68ad6ff95fde6","firstName":"AHMAD","lastName":"MUSA OGIRI","email":"danmatawalle5050@gmail.com","phone":"08063951160","webhookUrl":"https:\/\/alihisandata.com.ng\/webhook\/aspfiy\/index.php"}
2025-08-26 08:27:39 - API Response: HTTP Code: 200, Response: {"status":true,"message":"Account reserved","data":{"reference":"ref_68ad6ff95fde6","account":{"account_number":"6649955189","account_name":"Aspfiy-Alihisandata AHMAD","bank_name":"Palmpay","created_at":"2025-08-26 09:27:58"},"meta":{"firstName":"AHMAD","lastName":"MUSA OGIRI","email":"danmatawalle5050@gmail.com"},"webhook_url":"https:\/\/alihisandata.com.ng\/webhook\/aspfiy\/index.php"}}
2025-08-26 08:27:40 - Successfully created virtual account: 6649955189 for token: 1aa808f6ee38ab9a68c5edf009bb7d59
2025-08-26 09:21:19 - Requesting virtual account for token: f2eb0c637cfbe3ca94bc4979e04256ef, API URL: https://api-v1.aspfiy.com/reserve-palmpay/, Payload: {"reference":"ref_68ad7c8f7196f","firstName":"musa","lastName":"Alhaji Muazu","email":"muazumusaalhaji@gmail.com","phone":"07011553222","webhookUrl":"https:\/\/alihisandata.com.ng\/webhook\/aspfiy\/index.php"}
2025-08-26 09:21:22 - API Response: HTTP Code: 200, Response: {"status":true,"message":"Account reserved","data":{"reference":"ref_68ad7c8f7196f","account":{"account_number":"6620457430","account_name":"Aspfiy-Alihisandata musa","bank_name":"Palmpay","created_at":"2025-08-26 10:21:41"},"meta":{"firstName":"musa","lastName":"Alhaji Muazu","email":"muazumusaalhaji@gmail.com"},"webhook_url":"https:\/\/alihisandata.com.ng\/webhook\/aspfiy\/index.php"}}
2025-08-26 09:21:22 - Successfully created virtual account: 6620457430 for token: f2eb0c637cfbe3ca94bc4979e04256ef
2025-08-26 09:58:38 - Requesting virtual account for token: a0fd9cbb8aeabfb8fcc321580cca7869, API URL: https://api-v1.aspfiy.com/reserve-palmpay/, Payload: {"reference":"ref_68ad854e926c9","firstName":"Abdulrahman ","lastName":"Muhammad ","email":"abdulrahmanharuna7929@gmail.com","phone":"09013974197","webhookUrl":"https:\/\/alihisandata.com.ng\/webhook\/aspfiy\/index.php"}
2025-08-26 09:58:41 - API Response: HTTP Code: 200, Response: {"status":true,"message":"Account reserved","data":{"reference":"ref_68ad854e926c9","account":{"account_number":"6690379254","account_name":"Aspfiy-Alihisandata Abdulrahman ","bank_name":"Palmpay","created_at":"2025-08-26 10:59:00"},"meta":{"firstName":"Abdulrahman ","lastName":"Muhammad ","email":"abdulrahmanharuna7929@gmail.com"},"webhook_url":"https:\/\/alihisandata.com.ng\/webhook\/aspfiy\/index.php"}}
2025-08-26 09:58:41 - Successfully created virtual account: 6690379254 for token: a0fd9cbb8aeabfb8fcc321580cca7869
2025-08-26 11:43:46 - Requesting virtual account for token: 1e3b72e6fc640f3ece07f4aa4a2e2fa8, API URL: https://api-v1.aspfiy.com/reserve-palmpay/, Payload: {"reference":"ref_68ad9df2ab4b6","firstName":"Salisu","lastName":"Mahadi","email":"salisumahadi123@gmail.com","phone":"09065379803","webhookUrl":"https:\/\/alihisandata.com.ng\/webhook\/aspfiy\/index.php"}
2025-08-26 11:43:49 - API Response: HTTP Code: 200, Response: {"status":true,"message":"Account reserved","data":{"reference":"ref_68ad9df2ab4b6","account":{"account_number":"6612145867","account_name":"Aspfiy-Alihisandata Salisu","bank_name":"Palmpay","created_at":"2025-08-26 12:44:08"},"meta":{"firstName":"Salisu","lastName":"Mahadi","email":"salisumahadi123@gmail.com"},"webhook_url":"https:\/\/alihisandata.com.ng\/webhook\/aspfiy\/index.php"}}
2025-08-26 11:43:49 - Successfully created virtual account: 6612145867 for token: 1e3b72e6fc640f3ece07f4aa4a2e2fa8
2025-08-26 11:47:28 - Requesting virtual account for token: 9314a11e07c35c5f92b303dbe96abe03, API URL: https://api-v1.aspfiy.com/reserve-palmpay/, Payload: {"reference":"ref_68ad9ed0c4d37","firstName":"Ogbonnia Umeh","lastName":"inya","email":"inyaumeprofessionalsltd@gmail.com","phone":"07059959797","webhookUrl":"https:\/\/alihisandata.com.ng\/webhook\/aspfiy\/index.php"}
2025-08-26 11:47:31 - API Response: HTTP Code: 200, Response: {"status":true,"message":"Account reserved","data":{"reference":"ref_68ad9ed0c4d37","account":{"account_number":"6693279322","account_name":"Aspfiy-Alihisandata Ogbonnia Umeh","bank_name":"Palmpay","created_at":"2025-08-26 12:47:50"},"meta":{"firstName":"Ogbonnia Umeh","lastName":"inya","email":"inyaumeprofessionalsltd@gmail.com"},"webhook_url":"https:\/\/alihisandata.com.ng\/webhook\/aspfiy\/index.php"}}
2025-08-26 11:47:31 - Successfully created virtual account: 6693279322 for token: 9314a11e07c35c5f92b303dbe96abe03
2025-08-26 11:47:53 - Requesting virtual account for token: ac4fd7efead911850d2d1f1af8627b13, API URL: https://api-v1.aspfiy.com/reserve-palmpay/, Payload: {"reference":"ref_68ad9ee94cb3b","firstName":"SHUAIBU","lastName":"DANAKA","email":"ibrahimshuaibu6660@gmail.com","phone":"08144457725","webhookUrl":"https:\/\/alihisandata.com.ng\/webhook\/aspfiy\/index.php"}
2025-08-26 11:47:55 - API Response: HTTP Code: 200, Response: {"status":true,"message":"Account reserved","data":{"reference":"ref_68ad9ee94cb3b","account":{"account_number":"6677295556","account_name":"Aspfiy-Alihisandata SHUAIBU","bank_name":"Palmpay","created_at":"2025-08-26 12:48:14"},"meta":{"firstName":"SHUAIBU","lastName":"DANAKA","email":"ibrahimshuaibu6660@gmail.com"},"webhook_url":"https:\/\/alihisandata.com.ng\/webhook\/aspfiy\/index.php"}}
2025-08-26 11:47:55 - Successfully created virtual account: 6677295556 for token: ac4fd7efead911850d2d1f1af8627b13
2025-08-26 12:16:45 - Requesting virtual account for token: ba03ec14b807e2373b123b4058682327, API URL: https://api-v1.aspfiy.com/reserve-palmpay/, Payload: {"reference":"ref_68ada5ad87719","firstName":"Abubakar","lastName":"Muhammed","email":"abubakarinuwa65@gmail.com","phone":"07061319754","webhookUrl":"https:\/\/alihisandata.com.ng\/webhook\/aspfiy\/index.php"}
2025-08-26 12:16:48 - API Response: HTTP Code: 200, Response: {"status":true,"message":"Account reserved","data":{"reference":"ref_68ada5ad87719","account":{"account_number":"6613701449","account_name":"Aspfiy-Alihisandata Abubakar","bank_name":"Palmpay","created_at":"2025-08-26 01:17:06"},"meta":{"firstName":"Abubakar","lastName":"Muhammed","email":"abubakarinuwa65@gmail.com"},"webhook_url":"https:\/\/alihisandata.com.ng\/webhook\/aspfiy\/index.php"}}
2025-08-26 12:16:48 - Successfully created virtual account: 6613701449 for token: ba03ec14b807e2373b123b4058682327
2025-08-26 13:37:59 - Requesting virtual account for token: 68ea3796b5df39a9368f519cb86736c5, API URL: https://api-v1.aspfiy.com/reserve-palmpay/, Payload: {"reference":"ref_68adb8b74bda8","firstName":"adamu","lastName":"isa","email":"sirwakilifx@gmail.com","phone":"08168242750","webhookUrl":"https:\/\/alihisandata.com.ng\/webhook\/aspfiy\/index.php"}
2025-08-26 13:38:01 - API Response: HTTP Code: 200, Response: {"status":true,"message":"Account reserved","data":{"reference":"ref_68adb8b74bda8","account":{"account_number":"6682910299","account_name":"Aspfiy-Alihisandata adamu","bank_name":"Palmpay","created_at":"2025-08-26 02:38:20"},"meta":{"firstName":"adamu","lastName":"isa","email":"sirwakilifx@gmail.com"},"webhook_url":"https:\/\/alihisandata.com.ng\/webhook\/aspfiy\/index.php"}}
2025-08-26 13:38:01 - Successfully created virtual account: 6682910299 for token: 68ea3796b5df39a9368f519cb86736c5
2025-08-26 14:20:35 - Requesting virtual account for token: cbaac8eaeb8b4ce54aaf5446f1efab1f, API URL: https://api-v1.aspfiy.com/reserve-palmpay/, Payload: {"reference":"ref_68adc2b347e00","firstName":"mustapha","lastName":"abdullahi","email":"musterpherabdullerhi@gmail.com","phone":"07068853006","webhookUrl":"https:\/\/alihisandata.com.ng\/webhook\/aspfiy\/index.php"}
2025-08-26 14:20:37 - API Response: HTTP Code: 200, Response: {"status":true,"message":"Account reserved","data":{"reference":"ref_68adc2b347e00","account":{"account_number":"6690075052","account_name":"Aspfiy-Alihisandata mustapha","bank_name":"Palmpay","created_at":"2025-08-26 03:20:57"},"meta":{"firstName":"mustapha","lastName":"abdullahi","email":"musterpherabdullerhi@gmail.com"},"webhook_url":"https:\/\/alihisandata.com.ng\/webhook\/aspfiy\/index.php"}}
2025-08-26 14:20:37 - Successfully created virtual account: 6690075052 for token: cbaac8eaeb8b4ce54aaf5446f1efab1f
2025-08-26 19:31:48 - Requesting virtual account for token: 3879fc13f6f5e1fd94d3c1a0ee681bba, API URL: https://api-v1.aspfiy.com/reserve-palmpay/, Payload: {"reference":"ref_68ae0ba459abb","firstName":"Ado","lastName":"Abdulkadir","email":"Adamcyabdulkakadi@gmail.com","phone":"09025349028","webhookUrl":"https:\/\/alihisandata.com.ng\/webhook\/aspfiy\/index.php"}
2025-08-26 19:31:49 - API Response: HTTP Code: 200, Response: {"status":true,"message":"Account reserved","data":{"reference":"ref_68ae0ba459abb","account":{"account_number":"6648626163","account_name":"Aspfiy-Alihisandata Ado","bank_name":"Palmpay","created_at":"2025-08-26 08:32:09"},"meta":{"firstName":"Ado","lastName":"Abdulkadir","email":"Adamcyabdulkakadi@gmail.com"},"webhook_url":"https:\/\/alihisandata.com.ng\/webhook\/aspfiy\/index.php"}}
2025-08-26 19:31:49 - Successfully created virtual account: 6648626163 for token: 3879fc13f6f5e1fd94d3c1a0ee681bba
2025-08-26 19:41:01 - Requesting virtual account for token: 0d126c5380401a765ea79da373eb8611, API URL: https://api-v1.aspfiy.com/reserve-palmpay/, Payload: {"reference":"ref_68ae0dcd30b88","firstName":"zaid","lastName":"Nasir Suleiman","email":"zaidnasir560@gmail.com","phone":"08138252132","webhookUrl":"https:\/\/alihisandata.com.ng\/webhook\/aspfiy\/index.php"}
2025-08-26 19:41:03 - API Response: HTTP Code: 200, Response: {"status":true,"message":"Account reserved","data":{"reference":"ref_68ae0dcd30b88","account":{"account_number":"6654044799","account_name":"Aspfiy-Alihisandata zaid","bank_name":"Palmpay","created_at":"2025-08-26 08:41:23"},"meta":{"firstName":"zaid","lastName":"Nasir Suleiman","email":"zaidnasir560@gmail.com"},"webhook_url":"https:\/\/alihisandata.com.ng\/webhook\/aspfiy\/index.php"}}
2025-08-26 19:41:04 - Successfully created virtual account: 6654044799 for token: 0d126c5380401a765ea79da373eb8611
2025-08-26 20:52:51 - Requesting virtual account for token: cf6649d9a524fa5d105418ba649f8ab0, API URL: https://api-v1.aspfiy.com/reserve-palmpay/, Payload: {"reference":"ref_68ae1ea36bd4e","firstName":"Muhammad","lastName":"Kabir","email":"kabirmagajimuhammad@gmail.com","phone":"07061997888","webhookUrl":"https:\/\/alihisandata.com.ng\/webhook\/aspfiy\/index.php"}
2025-08-26 20:52:54 - API Response: HTTP Code: 200, Response: {"status":true,"message":"Account reserved","data":{"reference":"ref_68ae1ea36bd4e","account":{"account_number":"6680469980","account_name":"Aspfiy-Alihisandata Muhammad","bank_name":"Palmpay","created_at":"2025-08-26 09:53:13"},"meta":{"firstName":"Muhammad","lastName":"Kabir","email":"kabirmagajimuhammad@gmail.com"},"webhook_url":"https:\/\/alihisandata.com.ng\/webhook\/aspfiy\/index.php"}}
2025-08-26 20:52:54 - Successfully created virtual account: 6680469980 for token: cf6649d9a524fa5d105418ba649f8ab0
2025-08-26 22:54:34 - Requesting virtual account for token: ff4ee3d148c704df1b4b28456634087b, API URL: https://api-v1.aspfiy.com/reserve-palmpay/, Payload: {"reference":"ref_68ae3b2a90558","firstName":"Muhammad","lastName":"Usman Aliyu","email":"muhammadusmanaliyu14@gmail.com","phone":"07040509973","webhookUrl":"https:\/\/alihisandata.com.ng\/webhook\/aspfiy\/index.php"}
2025-08-26 22:54:37 - API Response: HTTP Code: 200, Response: {"status":true,"message":"Account reserved","data":{"reference":"ref_68ae3b2a90558","account":{"account_number":"6606268225","account_name":"Aspfiy-Alihisandata Muhammad","bank_name":"Palmpay","created_at":"2025-08-26 11:54:56"},"meta":{"firstName":"Muhammad","lastName":"Usman Aliyu","email":"muhammadusmanaliyu14@gmail.com"},"webhook_url":"https:\/\/alihisandata.com.ng\/webhook\/aspfiy\/index.php"}}
2025-08-26 22:54:37 - Successfully created virtual account: 6606268225 for token: ff4ee3d148c704df1b4b28456634087b
2025-08-27 09:11:31 - Requesting virtual account for token: 74715e67d02973d5e9f58227e38ed7d6, API URL: https://api-v1.aspfiy.com/reserve-palmpay/, Payload: {"reference":"ref_68aecbc3d19c4","firstName":"Yusuf","lastName":"Ahmed","email":"Yusufahmed42@gmail.com","phone":"08035914815","webhookUrl":"https:\/\/alihisandata.com.ng\/webhook\/aspfiy\/index.php"}
2025-08-27 09:11:34 - API Response: HTTP Code: 200, Response: {"status":true,"message":"Account reserved","data":{"reference":"ref_68aecbc3d19c4","account":{"account_number":"6662269113","account_name":"Aspfiy-Alihisandata Yusuf","bank_name":"Palmpay","created_at":"2025-08-27 10:11:54"},"meta":{"firstName":"Yusuf","lastName":"Ahmed","email":"Yusufahmed42@gmail.com"},"webhook_url":"https:\/\/alihisandata.com.ng\/webhook\/aspfiy\/index.php"}}
2025-08-27 09:11:34 - Successfully created virtual account: 6662269113 for token: 74715e67d02973d5e9f58227e38ed7d6
2025-08-27 09:19:41 - Requesting virtual account for token: 5f5a6f126b2a478824ce8c9f6624f0da, API URL: https://api-v1.aspfiy.com/reserve-palmpay/, Payload: {"reference":"ref_68aecdad36352","firstName":"Kabiru","lastName":"Adamu","email":"Kabiruadamuggr1@gmail.com","phone":"08167218266","webhookUrl":"https:\/\/alihisandata.com.ng\/webhook\/aspfiy\/index.php"}
2025-08-27 09:19:43 - API Response: HTTP Code: 200, Response: {"status":true,"message":"Account reserved","data":{"reference":"ref_68aecdad36352","account":{"account_number":"6647539057","account_name":"Aspfiy-Alihisandata Kabiru","bank_name":"Palmpay","created_at":"2025-08-27 10:20:04"},"meta":{"firstName":"Kabiru","lastName":"Adamu","email":"Kabiruadamuggr1@gmail.com"},"webhook_url":"https:\/\/alihisandata.com.ng\/webhook\/aspfiy\/index.php"}}
2025-08-27 09:19:43 - Successfully created virtual account: 6647539057 for token: 5f5a6f126b2a478824ce8c9f6624f0da
2025-08-27 15:38:53 - Requesting virtual account for token: 81f9bb70f9e2f87cb54c86b0c4f78ff9, API URL: https://api-v1.aspfiy.com/reserve-palmpay/, Payload: {"reference":"ref_68af268dbb77b","firstName":"Talcut","lastName":"Person","email":"Adamcyabdulkakadi@gmail.com","phone":"08131171005","webhookUrl":"https:\/\/alihisandata.com.ng\/webhook\/aspfiy\/index.php"}
2025-08-27 15:38:55 - API Response: HTTP Code: 200, Response: {"status":true,"message":"Account reserved","data":{"reference":"ref_68af268dbb77b","account":{"account_number":"6607080475","account_name":"Aspfiy-Alihisandata Talcut","bank_name":"Palmpay","created_at":"2025-08-27 04:39:16"},"meta":{"firstName":"Talcut","lastName":"Person","email":"Adamcyabdulkakadi@gmail.com"},"webhook_url":"https:\/\/alihisandata.com.ng\/webhook\/aspfiy\/index.php"}}
2025-08-27 15:38:55 - Successfully created virtual account: 6607080475 for token: 81f9bb70f9e2f87cb54c86b0c4f78ff9
2025-08-27 16:45:45 - Requesting virtual account for token: 08eceefad9cc9b266b47bef13cbadc4b, API URL: https://api-v1.aspfiy.com/reserve-palmpay/, Payload: {"reference":"ref_68af3639cfc7f","firstName":"Abdulmajid ","lastName":"Abdulsamad ","email":"abdulmajeedabdulsamad88@gmail.com","phone":"08034533286","webhookUrl":"https:\/\/alihisandata.com.ng\/webhook\/aspfiy\/index.php"}
2025-08-27 16:45:48 - API Response: HTTP Code: 200, Response: {"status":true,"message":"Account reserved","data":{"reference":"ref_68af3639cfc7f","account":{"account_number":"6696974542","account_name":"Aspfiy-Alihisandata Abdulmajid ","bank_name":"Palmpay","created_at":"2025-08-27 05:46:08"},"meta":{"firstName":"Abdulmajid ","lastName":"Abdulsamad ","email":"abdulmajeedabdulsamad88@gmail.com"},"webhook_url":"https:\/\/alihisandata.com.ng\/webhook\/aspfiy\/index.php"}}
2025-08-27 16:45:48 - Successfully created virtual account: 6696974542 for token: 08eceefad9cc9b266b47bef13cbadc4b
2025-08-27 20:56:22 - Requesting virtual account for token: 587d4f0eabe67b6913a85d6df9b04efd, API URL: https://api-v1.aspfiy.com/reserve-palmpay/, Payload: {"reference":"ref_68af70f66a8b1","firstName":"bashir","lastName":"yahaya","email":"bashiryahaya2015@gmail.com","phone":"07039781663","webhookUrl":"https:\/\/alihisandata.com.ng\/webhook\/aspfiy\/index.php"}
2025-08-27 20:56:25 - API Response: HTTP Code: 200, Response: {"status":true,"message":"Account reserved","data":{"reference":"ref_68af70f66a8b1","account":{"account_number":"6661902455","account_name":"Aspfiy-Alihisandata bashir","bank_name":"Palmpay","created_at":"2025-08-27 09:56:45"},"meta":{"firstName":"bashir","lastName":"yahaya","email":"bashiryahaya2015@gmail.com"},"webhook_url":"https:\/\/alihisandata.com.ng\/webhook\/aspfiy\/index.php"}}
2025-08-27 20:56:25 - Successfully created virtual account: 6661902455 for token: 587d4f0eabe67b6913a85d6df9b04efd
2025-08-28 02:04:49 - Requesting virtual account for token: 53ef360b02e2281f8a42d132a56df20d, API URL: https://api-v1.aspfiy.com/reserve-palmpay/, Payload: {"reference":"ref_68afb9416d589","firstName":"Abdullahi","lastName":"Muhammad","email":"abdullahimahammad36001@gmail.com","phone":"07016663093","webhookUrl":"https:\/\/alihisandata.com.ng\/webhook\/aspfiy\/index.php"}
2025-08-28 02:04:52 - API Response: HTTP Code: 200, Response: {"status":true,"message":"Account reserved","data":{"reference":"ref_68afb9416d589","account":{"account_number":"6640068701","account_name":"Aspfiy-Alihisandata Abdullahi","bank_name":"Palmpay","created_at":"2025-08-28 03:05:13"},"meta":{"firstName":"Abdullahi","lastName":"Muhammad","email":"abdullahimahammad36001@gmail.com"},"webhook_url":"https:\/\/alihisandata.com.ng\/webhook\/aspfiy\/index.php"}}
2025-08-28 02:04:52 - Successfully created virtual account: 6640068701 for token: 53ef360b02e2281f8a42d132a56df20d
2025-08-28 03:17:19 - Requesting virtual account for token: 3e37620ae23dbfec7fb7b70f7efab55b, API URL: https://api-v1.aspfiy.com/reserve-palmpay/, Payload: {"reference":"ref_68afca3f34bca","firstName":"Avalumun","lastName":"utov","email":"avatexutov4@gmail.com","phone":"09060828225","webhookUrl":"https:\/\/alihisandata.com.ng\/webhook\/aspfiy\/index.php"}
2025-08-28 03:17:21 - API Response: HTTP Code: 200, Response: {"status":true,"message":"Account reserved","data":{"reference":"ref_68afca3f34bca","account":{"account_number":"6638226510","account_name":"Aspfiy-Alihisandata Avalumun","bank_name":"Palmpay","created_at":"2025-08-28 04:17:42"},"meta":{"firstName":"Avalumun","lastName":"utov","email":"avatexutov4@gmail.com"},"webhook_url":"https:\/\/alihisandata.com.ng\/webhook\/aspfiy\/index.php"}}
2025-08-28 03:17:21 - Successfully created virtual account: 6638226510 for token: 3e37620ae23dbfec7fb7b70f7efab55b
2025-08-28 04:43:19 - Requesting virtual account for token: 53ef360b02e2281f8a42d132a56df20d, API URL: https://api-v1.aspfiy.com/reserve-paga/, Payload: {"reference":"ref_68afde67026f2","firstName":"Abdullahi","lastName":"Muhammad","email":"abdullahimahammad36001@gmail.com","phone":"07016663093","webhookUrl":"https:\/\/alihisandata.com.ng\/webhook\/aspfiy\/index.php"}
2025-08-28 04:43:21 - API Response: HTTP Code: 200, Response: {"status":true,"message":"Account reserved","data":{"reference":"ref_68afde67026f2","account":{"account_number":"2544820896","account_name":"Aspfiy-Alihisandata Abdullahi","bank_name":"Paga","created_at":"2025-08-28 05:43:42"},"meta":{"firstName":"Abdullahi","lastName":"Muhammad","email":"abdullahimahammad36001@gmail.com"},"webhook_url":"https:\/\/alihisandata.com.ng\/webhook\/aspfiy\/index.php"}}
2025-08-28 04:43:21 - Successfully created virtual account: 2544820896 for token: 53ef360b02e2281f8a42d132a56df20d
2025-08-28 04:43:47 - Requesting virtual account for token: 53ef360b02e2281f8a42d132a56df20d, API URL: https://api-v1.aspfiy.com/reserve-account/, Payload: {"reference":"ref_68afde839aa86","firstName":"Abdullahi","lastName":"Muhammad","email":"abdullahimahammad36001@gmail.com","phone":"07016663093","webhookUrl":"https:\/\/alihisandata.com.ng\/webhook\/aspfiy\/index.php"}
2025-08-28 04:43:48 - API Response: HTTP Code: 200, Response: {"status":false,"message":"Email already exist"}
2025-08-28 04:43:48 - Failed to retrieve account details from ASPFY API for token: 53ef360b02e2281f8a42d132a56df20d
2025-08-28 11:35:55 - Requesting virtual account for token: 2158365724b9dc5a9a0123e5e7d4774f, API URL: https://api-v1.aspfiy.com/reserve-palmpay/, Payload: {"reference":"ref_68b03f1b06092","firstName":"Ahmad","lastName":"muhammad sada","email":"amuhammadsada2019@gmail.cam","phone":"08068281326","webhookUrl":"https:\/\/alihisandata.com.ng\/webhook\/aspfiy\/index.php"}
2025-08-28 11:35:57 - API Response: HTTP Code: 200, Response: {"status":true,"message":"Account reserved","data":{"reference":"ref_68b03f1b06092","account":{"account_number":"6654011644","account_name":"Aspfiy-Alihisandata Ahmad","bank_name":"Palmpay","created_at":"2025-08-28 12:36:18"},"meta":{"firstName":"Ahmad","lastName":"muhammad sada","email":"amuhammadsada2019@gmail.cam"},"webhook_url":"https:\/\/alihisandata.com.ng\/webhook\/aspfiy\/index.php"}}
2025-08-28 11:35:57 - Successfully created virtual account: 6654011644 for token: 2158365724b9dc5a9a0123e5e7d4774f
2025-08-28 12:56:15 - Requesting virtual account for token: 71e15d1d7358f0833cd2ed1f1bac782c, API URL: https://api-v1.aspfiy.com/reserve-palmpay/, Payload: {"reference":"ref_68b051efbd67b","firstName":"AHMAD_ FSANE","lastName":"Ahmadkyc","email":"kycu249@gmail.com","phone":"07075530010","webhookUrl":"https:\/\/alihisandata.com.ng\/webhook\/aspfiy\/index.php"}
2025-08-28 12:56:18 - API Response: HTTP Code: 200, Response: {"status":true,"message":"Account reserved","data":{"reference":"ref_68b051efbd67b","account":{"account_number":"6689461110","account_name":"Aspfiy-Alihisandata AHMAD_ FSANE","bank_name":"Palmpay","created_at":"2025-08-28 01:56:39"},"meta":{"firstName":"AHMAD_ FSANE","lastName":"Ahmadkyc","email":"kycu249@gmail.com"},"webhook_url":"https:\/\/alihisandata.com.ng\/webhook\/aspfiy\/index.php"}}
2025-08-28 12:56:18 - Successfully created virtual account: 6689461110 for token: 71e15d1d7358f0833cd2ed1f1bac782c
2025-08-29 15:27:45 - Requesting virtual account for token: 068334002ffa5145d3a75434f6cfb280, API URL: https://api-v1.aspfiy.com/reserve-palmpay/, Payload: {"reference":"ref_68b1c6f11b950","firstName":"Abubakar ","lastName":"Ado","email":"abbakarsadik22@gmail.com","phone":"07026539108","webhookUrl":"https:\/\/alihisandata.com.ng\/webhook\/aspfiy\/index.php"}
2025-08-29 15:27:46 - API Response: HTTP Code: 200, Response: {"status":true,"message":"Account reserved","data":{"reference":"ref_68b1c6f11b950","account":{"account_number":"6688526783","account_name":"Aspfiy-Alihisandata Abubakar ","bank_name":"Palmpay","created_at":"2025-08-29 04:28:09"},"meta":{"firstName":"Abubakar ","lastName":"Ado","email":"abbakarsadik22@gmail.com"},"webhook_url":"https:\/\/alihisandata.com.ng\/webhook\/aspfiy\/index.php"}}
2025-08-29 15:27:46 - Successfully created virtual account: 6688526783 for token: 068334002ffa5145d3a75434f6cfb280
2025-08-30 11:12:31 - Requesting virtual account for token: 3da50a059efe12e83a43626a5db594a4, API URL: https://api-v1.aspfiy.com/reserve-palmpay/, Payload: {"reference":"ref_68b2dc9f15dc9","firstName":"Auwalu Awaisu","lastName":"Kurawa","email":"auwaluawaisu2023@gmail.com","phone":"09011929938","webhookUrl":"https:\/\/alihisandata.com.ng\/webhook\/aspfiy\/index.php"}
2025-08-30 11:12:33 - API Response: HTTP Code: 200, Response: {"status":true,"message":"Account reserved","data":{"reference":"ref_68b2dc9f15dc9","account":{"account_number":"6609795867","account_name":"Aspfiy-Alihisandata Auwalu Awaisu","bank_name":"Palmpay","created_at":"2025-08-30 12:12:57"},"meta":{"firstName":"Auwalu Awaisu","lastName":"Kurawa","email":"auwaluawaisu2023@gmail.com"},"webhook_url":"https:\/\/alihisandata.com.ng\/webhook\/aspfiy\/index.php"}}
2025-08-30 11:12:33 - Successfully created virtual account: 6609795867 for token: 3da50a059efe12e83a43626a5db594a4
2025-08-30 11:24:52 - Requesting virtual account for token: c986975ffbce2d36ce08e26b5234b976, API URL: https://api-v1.aspfiy.com/reserve-palmpay/, Payload: {"reference":"ref_68b2df84d8c21","firstName":"Ukasha","lastName":"Muhammad","email":"ukashamuhammad0012@gmail.com","phone":"09031150268","webhookUrl":"https:\/\/alihisandata.com.ng\/webhook\/aspfiy\/index.php"}
2025-08-30 11:24:55 - API Response: HTTP Code: 200, Response: {"status":true,"message":"Account reserved","data":{"reference":"ref_68b2df84d8c21","account":{"account_number":"6657588273","account_name":"Aspfiy-Alihisandata Ukasha","bank_name":"Palmpay","created_at":"2025-08-30 12:25:18"},"meta":{"firstName":"Ukasha","lastName":"Muhammad","email":"ukashamuhammad0012@gmail.com"},"webhook_url":"https:\/\/alihisandata.com.ng\/webhook\/aspfiy\/index.php"}}
2025-08-30 11:24:55 - Successfully created virtual account: 6657588273 for token: c986975ffbce2d36ce08e26b5234b976
2025-08-31 06:18:37 - Requesting virtual account for token: 35ec64bceb2bb2f249a70ee012b4628b, API URL: https://api-v1.aspfiy.com/reserve-palmpay/, Payload: {"reference":"ref_68b3e93de2ec4","firstName":"Sufiyanu","lastName":"Rabiu","email":"sufiyanu712@gmail.com","phone":"09041799157","webhookUrl":"https:\/\/alihisandata.com.ng\/webhook\/aspfiy\/index.php"}
2025-08-31 06:18:40 - API Response: HTTP Code: 200, Response: {"status":true,"message":"Account reserved","data":{"reference":"ref_68b3e93de2ec4","account":{"account_number":"6665001575","account_name":"Aspfiy-Alihisandata Sufiyanu","bank_name":"Palmpay","created_at":"2025-08-31 07:19:04"},"meta":{"firstName":"Sufiyanu","lastName":"Rabiu","email":"sufiyanu712@gmail.com"},"webhook_url":"https:\/\/alihisandata.com.ng\/webhook\/aspfiy\/index.php"}}
2025-08-31 06:18:40 - Successfully created virtual account: 6665001575 for token: 35ec64bceb2bb2f249a70ee012b4628b
2025-08-31 19:19:10 - Requesting virtual account for token: 85a3c0eeb68ab0861f13396972e90de1, API URL: https://api-v1.aspfiy.com/reserve-palmpay/, Payload: {"reference":"ref_68b4a02e675ea","firstName":"ZAHARADDIN","lastName":"ALI","email":"zaharaddeenaligrk@gmail.com","phone":"09065646731","webhookUrl":"https:\/\/alihisandata.com.ng\/webhook\/aspfiy\/index.php"}
2025-08-31 19:19:12 - API Response: HTTP Code: 200, Response: {"status":true,"message":"Account reserved","data":{"reference":"ref_68b4a02e675ea","account":{"account_number":"6601249384","account_name":"Aspfiy-Alihisandata ZAHARADDIN","bank_name":"Palmpay","created_at":"2025-08-31 08:19:38"},"meta":{"firstName":"ZAHARADDIN","lastName":"ALI","email":"zaharaddeenaligrk@gmail.com"},"webhook_url":"https:\/\/alihisandata.com.ng\/webhook\/aspfiy\/index.php"}}
2025-08-31 19:19:12 - Successfully created virtual account: 6601249384 for token: 85a3c0eeb68ab0861f13396972e90de1
2025-08-31 23:16:02 - Requesting virtual account for token: 314108e3a6573abc565e8dd5de812142, API URL: https://api-v1.aspfiy.com/reserve-palmpay/, Payload: {"reference":"ref_68b4d7b23c13e","firstName":"Aliyu","lastName":"mahmud","email":"aliyumahmud3858@gmail.com","phone":"09110159022","webhookUrl":"https:\/\/alihisandata.com.ng\/webhook\/aspfiy\/index.php"}
2025-08-31 23:16:04 - API Response: HTTP Code: 200, Response: {"status":true,"message":"Account reserved","data":{"reference":"ref_68b4d7b23c13e","account":{"account_number":"6662099452","account_name":"Aspfiy-Alihisandata Aliyu","bank_name":"Palmpay","created_at":"2025-09-01 12:16:30"},"meta":{"firstName":"Aliyu","lastName":"mahmud","email":"aliyumahmud3858@gmail.com"},"webhook_url":"https:\/\/alihisandata.com.ng\/webhook\/aspfiy\/index.php"}}
2025-08-31 23:16:04 - Successfully created virtual account: 6662099452 for token: 314108e3a6573abc565e8dd5de812142
2025-09-02 07:41:43 - Requesting virtual account for token: d4ba542b970f6968638d580fbd7bf3b6, API URL: https://api-v1.aspfiy.com/reserve-palmpay/, Payload: {"reference":"ref_68b69fb78bb08","firstName":"isah","lastName":"basiru","email":"basiruisah2323@gmail.com","phone":"08059762832","webhookUrl":"https:\/\/alihisandata.com.ng\/webhook\/aspfiy\/index.php"}
2025-09-02 07:41:46 - API Response: HTTP Code: 200, Response: {"status":true,"message":"Account reserved","data":{"reference":"ref_68b69fb78bb08","account":{"account_number":"6643247843","account_name":"Aspfiy-Alihisandata isah","bank_name":"Palmpay","created_at":"2025-09-02 08:42:12"},"meta":{"firstName":"isah","lastName":"basiru","email":"basiruisah2323@gmail.com"},"webhook_url":"https:\/\/alihisandata.com.ng\/webhook\/aspfiy\/index.php"}}
2025-09-02 07:41:46 - Successfully created virtual account: 6643247843 for token: d4ba542b970f6968638d580fbd7bf3b6
2025-09-02 08:26:06 - Requesting virtual account for token: 1e6d0a9a2547762a20105f129a439cde, API URL: https://api-v1.aspfiy.com/reserve-palmpay/, Payload: {"reference":"ref_68b6aa1ec150a","firstName":"Yusuf","lastName":"Tanimu","email":"yusuftanimualhassan32@gmail.com","phone":"08088166665","webhookUrl":"https:\/\/alihisandata.com.ng\/webhook\/aspfiy\/index.php"}
2025-09-02 08:26:09 - API Response: HTTP Code: 200, Response: {"status":true,"message":"Account reserved","data":{"reference":"ref_68b6aa1ec150a","account":{"account_number":"6685038332","account_name":"Aspfiy-Alihisandata Yusuf","bank_name":"Palmpay","created_at":"2025-09-02 09:26:36"},"meta":{"firstName":"Yusuf","lastName":"Tanimu","email":"yusuftanimualhassan32@gmail.com"},"webhook_url":"https:\/\/alihisandata.com.ng\/webhook\/aspfiy\/index.php"}}
2025-09-02 08:26:09 - Successfully created virtual account: 6685038332 for token: 1e6d0a9a2547762a20105f129a439cde
2025-09-02 19:13:27 - Requesting virtual account for token: c7b770001716aad545b8cacf7b695c03, API URL: https://api-v1.aspfiy.com/reserve-palmpay/, Payload: {"reference":"ref_68b741d76972f","firstName":"Zayyanu ","lastName":"Bello","email":"bellozayyanu912@gmail.com","phone":"09060057155","webhookUrl":"https:\/\/alihisandata.com.ng\/webhook\/aspfiy\/index.php"}
2025-09-02 19:13:30 - API Response: HTTP Code: 200, Response: {"status":true,"message":"Account reserved","data":{"reference":"ref_68b741d76972f","account":{"account_number":"6683816826","account_name":"Aspfiy-Alihisandata Zayyanu ","bank_name":"Palmpay","created_at":"2025-09-02 08:13:56"},"meta":{"firstName":"Zayyanu ","lastName":"Bello","email":"bellozayyanu912@gmail.com"},"webhook_url":"https:\/\/alihisandata.com.ng\/webhook\/aspfiy\/index.php"}}
2025-09-02 19:13:30 - Successfully created virtual account: 6683816826 for token: c7b770001716aad545b8cacf7b695c03
2025-09-02 19:58:54 - Requesting virtual account for token: dbe0c01c11773c8a5bf55d52f2a685da, API URL: https://api-v1.aspfiy.com/reserve-palmpay/, Payload: {"reference":"ref_68b74c7e47637","firstName":"NURA","lastName":"HUDU ADAMU","email":"nurahuduadamu1515@gmail.com","phone":"08028211113","webhookUrl":"https:\/\/alihisandata.com.ng\/webhook\/aspfiy\/index.php"}
2025-09-02 19:58:57 - API Response: HTTP Code: 200, Response: {"status":true,"message":"Account reserved","data":{"reference":"ref_68b74c7e47637","account":{"account_number":"6631786688","account_name":"Aspfiy-Alihisandata NURA","bank_name":"Palmpay","created_at":"2025-09-02 08:59:24"},"meta":{"firstName":"NURA","lastName":"HUDU ADAMU","email":"nurahuduadamu1515@gmail.com"},"webhook_url":"https:\/\/alihisandata.com.ng\/webhook\/aspfiy\/index.php"}}
2025-09-02 19:58:57 - Successfully created virtual account: 6631786688 for token: dbe0c01c11773c8a5bf55d52f2a685da
2025-09-02 20:23:31 - Requesting virtual account for token: bec76538adfe5f5f265e3d1c145c9e5f, API URL: https://api-v1.aspfiy.com/reserve-palmpay/, Payload: {"reference":"ref_68b752436467d","firstName":"Maina","lastName":"Yerima","email":"mainamgu@gmail.com","phone":"07064688174","webhookUrl":"https:\/\/alihisandata.com.ng\/webhook\/aspfiy\/index.php"}
2025-09-02 20:23:33 - API Response: HTTP Code: 200, Response: {"status":true,"message":"Account reserved","data":{"reference":"ref_68b752436467d","account":{"account_number":"6666638143","account_name":"Aspfiy-Alihisandata Maina","bank_name":"Palmpay","created_at":"2025-09-02 09:24:00"},"meta":{"firstName":"Maina","lastName":"Yerima","email":"mainamgu@gmail.com"},"webhook_url":"https:\/\/alihisandata.com.ng\/webhook\/aspfiy\/index.php"}}
2025-09-02 20:23:33 - Successfully created virtual account: 6666638143 for token: bec76538adfe5f5f265e3d1c145c9e5f
2025-09-03 04:27:35 - Requesting virtual account for token: 7247f7e57705cb537b83d37386176a44, API URL: https://api-v1.aspfiy.com/reserve-palmpay/, Payload: {"reference":"ref_68b7c3b76c5b0","firstName":"abubakar","lastName":"mustapha","email":"abubukarsq94@gmail.com","phone":"08060005141","webhookUrl":"https:\/\/alihisandata.com.ng\/webhook\/aspfiy\/index.php"}
2025-09-03 04:27:37 - API Response: HTTP Code: 200, Response: {"status":true,"message":"Account reserved","data":{"reference":"ref_68b7c3b76c5b0","account":{"account_number":"6688756129","account_name":"Aspfiy-Alihisandata abubakar","bank_name":"Palmpay","created_at":"2025-09-03 05:28:05"},"meta":{"firstName":"abubakar","lastName":"mustapha","email":"abubukarsq94@gmail.com"},"webhook_url":"https:\/\/alihisandata.com.ng\/webhook\/aspfiy\/index.php"}}
2025-09-03 04:27:38 - Successfully created virtual account: 6688756129 for token: 7247f7e57705cb537b83d37386176a44
2025-09-03 08:18:59 - Requesting virtual account for token: b72e530976cf67813822c504d2dee2da, API URL: https://api-v1.aspfiy.com/reserve-palmpay/, Payload: {"reference":"ref_68b7f9f325815","firstName":"murtala","lastName":"usman","email":"murtalau971@gmail.com","phone":"08144808045","webhookUrl":"https:\/\/alihisandata.com.ng\/webhook\/aspfiy\/index.php"}
2025-09-03 08:19:01 - API Response: HTTP Code: 200, Response: {"status":true,"message":"Account reserved","data":{"reference":"ref_68b7f9f325815","account":{"account_number":"6603301246","account_name":"Aspfiy-Alihisandata murtala","bank_name":"Palmpay","created_at":"2025-09-03 09:19:29"},"meta":{"firstName":"murtala","lastName":"usman","email":"murtalau971@gmail.com"},"webhook_url":"https:\/\/alihisandata.com.ng\/webhook\/aspfiy\/index.php"}}
2025-09-03 08:19:02 - Successfully created virtual account: 6603301246 for token: b72e530976cf67813822c504d2dee2da
2025-09-03 12:38:20 - Requesting virtual account for token: 9676f500beccd346afecd3d8c9b4b3a6, API URL: https://api-v1.aspfiy.com/reserve-palmpay/, Payload: {"reference":"ref_68b836bc29d82","firstName":"Maryam ","lastName":"Ayuba ","email":"maryamayuba247@gmail.com","phone":"08102003213","webhookUrl":"https:\/\/alihisandata.com.ng\/webhook\/aspfiy\/index.php"}
2025-09-03 12:38:22 - API Response: HTTP Code: 200, Response: {"status":true,"message":"Account reserved","data":{"reference":"ref_68b836bc29d82","account":{"account_number":"6689865249","account_name":"Aspfiy-Alihisandata Maryam ","bank_name":"Palmpay","created_at":"2025-09-03 01:38:50"},"meta":{"firstName":"Maryam ","lastName":"Ayuba ","email":"maryamayuba247@gmail.com"},"webhook_url":"https:\/\/alihisandata.com.ng\/webhook\/aspfiy\/index.php"}}
2025-09-03 12:38:22 - Successfully created virtual account: 6689865249 for token: 9676f500beccd346afecd3d8c9b4b3a6
2025-09-03 14:34:57 - Requesting virtual account for token: 9676f500beccd346afecd3d8c9b4b3a6, API URL: https://api-v1.aspfiy.com/reserve-paga/, Payload: {"reference":"ref_68b852111d7df","firstName":"Maryam ","lastName":"Ayuba ","email":"maryamayuba247@gmail.com","phone":"08102003213","webhookUrl":"https:\/\/alihisandata.com.ng\/webhook\/aspfiy\/index.php"}
2025-09-03 14:34:59 - API Response: HTTP Code: 200, Response: {"status":true,"message":"Account reserved","data":{"reference":"ref_68b852111d7df","account":{"account_number":"1069150790","account_name":"Aspfiy-Alihisandata Maryam ","bank_name":"Paga","created_at":"2025-09-03 03:35:27"},"meta":{"firstName":"Maryam ","lastName":"Ayuba ","email":"maryamayuba247@gmail.com"},"webhook_url":"https:\/\/alihisandata.com.ng\/webhook\/aspfiy\/index.php"}}
2025-09-03 14:34:59 - Successfully created virtual account: 1069150790 for token: 9676f500beccd346afecd3d8c9b4b3a6
2025-09-03 14:35:23 - Requesting virtual account for token: 9676f500beccd346afecd3d8c9b4b3a6, API URL: https://api-v1.aspfiy.com/reserve-account/, Payload: {"reference":"ref_68b8522b832de","firstName":"Maryam ","lastName":"Ayuba ","email":"maryamayuba247@gmail.com","phone":"08102003213","webhookUrl":"https:\/\/alihisandata.com.ng\/webhook\/aspfiy\/index.php"}
2025-09-03 14:35:23 - API Response: HTTP Code: 200, Response: {"status":false,"message":"Email already exist"}
2025-09-03 14:35:23 - Failed to retrieve account details from ASPFY API for token: 9676f500beccd346afecd3d8c9b4b3a6
2025-09-03 19:40:04 - Requesting virtual account for token: e001b4c7ba7ad5b27c8c2d881895c9b2, API URL: https://api-v1.aspfiy.com/reserve-palmpay/, Payload: {"reference":"ref_68b8999480479","firstName":"Muazu","lastName":"Yakubu","email":"muazuyakubu68@gmail.com","phone":"08061439739","webhookUrl":"https:\/\/alihisandata.com.ng\/webhook\/aspfiy\/index.php"}
2025-09-03 19:40:21 - API Response: HTTP Code: 200, Response: {"status":true,"message":"Account reserved","data":{"reference":"ref_68b8999480479","account":{"account_number":"6685231054","account_name":"Aspfiy-Alihisandata Muazu","bank_name":"Palmpay","created_at":"2025-09-03 08:40:50"},"meta":{"firstName":"Muazu","lastName":"Yakubu","email":"muazuyakubu68@gmail.com"},"webhook_url":"https:\/\/alihisandata.com.ng\/webhook\/aspfiy\/index.php"}}
2025-09-03 19:40:21 - Successfully created virtual account: 6685231054 for token: e001b4c7ba7ad5b27c8c2d881895c9b2
2025-09-04 07:57:51 - Requesting virtual account for token: 9dfa1d47f6422ca301cbea1ca03d71b1, API URL: https://api-v1.aspfiy.com/reserve-palmpay/, Payload: {"reference":"ref_68b9467fdb6ca","firstName":"Aisha","lastName":"Sagir","email":"aishasageer688@gmail.com","phone":"07075971747","webhookUrl":"https:\/\/alihisandata.com.ng\/webhook\/aspfiy\/index.php"}
2025-09-04 07:57:54 - API Response: HTTP Code: 200, Response: {"status":true,"message":"Account reserved","data":{"reference":"ref_68b9467fdb6ca","account":{"account_number":"6611361802","account_name":"Aspfiy-Alihisandata Aisha","bank_name":"Palmpay","created_at":"2025-09-04 08:58:23"},"meta":{"firstName":"Aisha","lastName":"Sagir","email":"aishasageer688@gmail.com"},"webhook_url":"https:\/\/alihisandata.com.ng\/webhook\/aspfiy\/index.php"}}
2025-09-04 07:57:54 - Successfully created virtual account: 6611361802 for token: 9dfa1d47f6422ca301cbea1ca03d71b1
2025-09-04 19:34:57 - Requesting virtual account for token: a169aa227865791c47cdbd0c0f2279bb, API URL: https://api-v1.aspfiy.com/reserve-palmpay/, Payload: {"reference":"ref_68b9e9e17fae7","firstName":"Aliyu","lastName":"Bello","email":"belloali6809@gmail.com","phone":"07068096053","webhookUrl":"https:\/\/alihisandata.com.ng\/webhook\/aspfiy\/index.php"}
2025-09-04 19:35:00 - API Response: HTTP Code: 200, Response: {"status":true,"message":"Account reserved","data":{"reference":"ref_68b9e9e17fae7","account":{"account_number":"6667598569","account_name":"Aspfiy-Alihisandata Aliyu","bank_name":"Palmpay","created_at":"2025-09-04 08:35:29"},"meta":{"firstName":"Aliyu","lastName":"Bello","email":"belloali6809@gmail.com"},"webhook_url":"https:\/\/alihisandata.com.ng\/webhook\/aspfiy\/index.php"}}
2025-09-04 19:35:00 - Successfully created virtual account: 6667598569 for token: a169aa227865791c47cdbd0c0f2279bb
2025-09-05 23:19:35 - Requesting virtual account for token: bb853cc52746fd20dbce33361794dc3e, API URL: https://api-v1.aspfiy.com/reserve-palmpay/, Payload: {"reference":"ref_68bb7007487c3","firstName":"MAIINYASS1","lastName":"ISYAKU SABIU","email":"isyakusabiu414@gmali.com","phone":"07039347850","webhookUrl":"https:\/\/alihisandata.com.ng\/webhook\/aspfiy\/index.php"}
2025-09-05 23:19:37 - API Response: HTTP Code: 200, Response: {"status":true,"message":"Account reserved","data":{"reference":"ref_68bb7007487c3","account":{"account_number":"6681901421","account_name":"Aspfiy-Alihisandata MAIINYASS1","bank_name":"Palmpay","created_at":"2025-09-06 12:20:08"},"meta":{"firstName":"MAIINYASS1","lastName":"ISYAKU SABIU","email":"isyakusabiu414@gmali.com"},"webhook_url":"https:\/\/alihisandata.com.ng\/webhook\/aspfiy\/index.php"}}
2025-09-05 23:19:37 - Successfully created virtual account: 6681901421 for token: bb853cc52746fd20dbce33361794dc3e
2025-09-06 08:56:31 - Requesting virtual account for token: 08eb36865c1a9864be320d65f26d0d9a, API URL: https://api-v1.aspfiy.com/reserve-palmpay/, Payload: {"reference":"ref_68bbf73fb6361","firstName":"Ashiru","lastName":"Rabiu","email":"ashirurabiu123@gmail.com","phone":"07040712020","webhookUrl":"https:\/\/alihisandata.com.ng\/webhook\/aspfiy\/index.php"}
2025-09-06 08:56:34 - API Response: HTTP Code: 200, Response: {"status":true,"message":"Account reserved","data":{"reference":"ref_68bbf73fb6361","account":{"account_number":"6607947666","account_name":"Aspfiy-Alihisandata Ashiru","bank_name":"Palmpay","created_at":"2025-09-06 09:57:05"},"meta":{"firstName":"Ashiru","lastName":"Rabiu","email":"ashirurabiu123@gmail.com"},"webhook_url":"https:\/\/alihisandata.com.ng\/webhook\/aspfiy\/index.php"}}
2025-09-06 08:56:34 - Successfully created virtual account: 6607947666 for token: 08eb36865c1a9864be320d65f26d0d9a
2025-09-06 23:26:29 - Requesting virtual account for token: a2dbf38fb89a0e7fbc704498cf5d198d, API URL: https://api-v1.aspfiy.com/reserve-palmpay/, Payload: {"reference":"ref_68bcc3259a8a7","firstName":"rukayya","lastName":"amadu","email":"rukayyaamadu07@gmail.com","phone":"08039598230","webhookUrl":"https:\/\/alihisandata.com.ng\/webhook\/aspfiy\/index.php"}
2025-09-06 23:26:31 - API Response: HTTP Code: 200, Response: {"status":true,"message":"Account reserved","data":{"reference":"ref_68bcc3259a8a7","account":{"account_number":"6657527781","account_name":"Aspfiy-Alihisandata rukayya","bank_name":"Palmpay","created_at":"2025-09-07 12:27:04"},"meta":{"firstName":"rukayya","lastName":"amadu","email":"rukayyaamadu07@gmail.com"},"webhook_url":"https:\/\/alihisandata.com.ng\/webhook\/aspfiy\/index.php"}}
2025-09-06 23:26:31 - Successfully created virtual account: 6657527781 for token: a2dbf38fb89a0e7fbc704498cf5d198d
2025-09-07 05:31:41 - Requesting virtual account for token: 80230bdeb219c08cc95d93b8ba3cbac0, API URL: https://api-v1.aspfiy.com/reserve-palmpay/, Payload: {"reference":"ref_68bd18bd18a57","firstName":"ABDULLAHI","lastName":"MUHAMMED","email":"aydesigns93@gmail.com","phone":"08163812758","webhookUrl":"https:\/\/alihisandata.com.ng\/webhook\/aspfiy\/index.php"}
2025-09-07 05:31:43 - API Response: HTTP Code: 200, Response: {"status":true,"message":"Account reserved","data":{"reference":"ref_68bd18bd18a57","account":{"account_number":"6622475559","account_name":"Aspfiy-Alihisandata ABDULLAHI","bank_name":"Palmpay","created_at":"2025-09-07 06:32:16"},"meta":{"firstName":"ABDULLAHI","lastName":"MUHAMMED","email":"aydesigns93@gmail.com"},"webhook_url":"https:\/\/alihisandata.com.ng\/webhook\/aspfiy\/index.php"}}
2025-09-07 05:31:43 - Successfully created virtual account: 6622475559 for token: 80230bdeb219c08cc95d93b8ba3cbac0
2025-09-07 09:11:42 - Requesting virtual account for token: af7c237d4c6b2bcdd811735bb3363670, API URL: https://api-v1.aspfiy.com/reserve-palmpay/, Payload: {"reference":"ref_68bd4c4ee5559","firstName":"Yahya","lastName":"Hussaini","email":"likitanmasoya23@gmail.com","phone":"08160525233","webhookUrl":"https:\/\/alihisandata.com.ng\/webhook\/aspfiy\/index.php"}
2025-09-07 09:11:45 - API Response: HTTP Code: 200, Response: {"status":true,"message":"Account reserved","data":{"reference":"ref_68bd4c4ee5559","account":{"account_number":"6695820117","account_name":"Aspfiy-Alihisandata Yahya","bank_name":"Palmpay","created_at":"2025-09-07 10:12:17"},"meta":{"firstName":"Yahya","lastName":"Hussaini","email":"likitanmasoya23@gmail.com"},"webhook_url":"https:\/\/alihisandata.com.ng\/webhook\/aspfiy\/index.php"}}
2025-09-07 09:11:45 - Successfully created virtual account: 6695820117 for token: af7c237d4c6b2bcdd811735bb3363670
2025-09-07 19:36:46 - Requesting virtual account for token: cc28588378c17422e896672343da83cf, API URL: https://api-v1.aspfiy.com/reserve-palmpay/, Payload: {"reference":"ref_68bddecea531b","firstName":"Ashiru","lastName":"Saminu","email":"ashirusaminuibrahim@gmail.com","phone":"07031136702","webhookUrl":"https:\/\/alihisandata.com.ng\/webhook\/aspfiy\/index.php"}
2025-09-07 19:36:49 - API Response: HTTP Code: 200, Response: {"status":true,"message":"Account reserved","data":{"reference":"ref_68bddecea531b","account":{"account_number":"6626843814","account_name":"Aspfiy-Alihisandata Ashiru","bank_name":"Palmpay","created_at":"2025-09-07 08:37:21"},"meta":{"firstName":"Ashiru","lastName":"Saminu","email":"ashirusaminuibrahim@gmail.com"},"webhook_url":"https:\/\/alihisandata.com.ng\/webhook\/aspfiy\/index.php"}}
2025-09-07 19:36:49 - Successfully created virtual account: 6626843814 for token: cc28588378c17422e896672343da83cf
2025-09-08 08:43:59 - Requesting virtual account for token: a3264b0e24bf509d30e01d20630196c0, API URL: https://api-v1.aspfiy.com/reserve-palmpay/, Payload: {"reference":"ref_68be974f75672","firstName":"Kabiru","lastName":"Yau","email":"kabirubua@gmail.com","phone":"09046961555","webhookUrl":"https:\/\/alihisandata.com.ng\/webhook\/aspfiy\/index.php"}
2025-09-08 08:44:01 - API Response: HTTP Code: 200, Response: {"status":true,"message":"Account reserved","data":{"reference":"ref_68be974f75672","account":{"account_number":"6665931077","account_name":"Aspfiy-Alihisandata Kabiru","bank_name":"Palmpay","created_at":"2025-09-08 09:44:34"},"meta":{"firstName":"Kabiru","lastName":"Yau","email":"kabirubua@gmail.com"},"webhook_url":"https:\/\/alihisandata.com.ng\/webhook\/aspfiy\/index.php"}}
2025-09-08 08:44:01 - Successfully created virtual account: 6665931077 for token: a3264b0e24bf509d30e01d20630196c0
2025-09-08 14:33:54 - Requesting virtual account for token: c8435486f8ff77467c644584cf7fa065, API URL: https://api-v1.aspfiy.com/reserve-palmpay/, Payload: {"reference":"ref_68bee952c1ae7","firstName":"Abban","lastName":"sadiq","email":"hassanabdurrahman594@gmail.com","phone":"09120025003","webhookUrl":"https:\/\/alihisandata.com.ng\/webhook\/aspfiy\/index.php"}
2025-09-08 14:33:57 - API Response: HTTP Code: 200, Response: {"status":true,"message":"Account reserved","data":{"reference":"ref_68bee952c1ae7","account":{"account_number":"6679218965","account_name":"Aspfiy-Alihisandata Abban","bank_name":"Palmpay","created_at":"2025-09-08 03:34:30"},"meta":{"firstName":"Abban","lastName":"sadiq","email":"hassanabdurrahman594@gmail.com"},"webhook_url":"https:\/\/alihisandata.com.ng\/webhook\/aspfiy\/index.php"}}
2025-09-08 14:33:57 - Successfully created virtual account: 6679218965 for token: c8435486f8ff77467c644584cf7fa065
2025-09-09 06:55:25 - Requesting virtual account for token: 1ed892e5d1ccf353686f155991e62a4a, API URL: https://api-v1.aspfiy.com/reserve-palmpay/, Payload: {"reference":"ref_68bfcf5d95382","firstName":"Aisha","lastName":"Ahmad hussain","email":"aishaahmadhussain015@gmail.com","phone":"08061699538","webhookUrl":"https:\/\/alihisandata.com.ng\/webhook\/aspfiy\/index.php"}
2025-09-09 06:55:28 - API Response: HTTP Code: 200, Response: {"status":true,"message":"Account reserved","data":{"reference":"ref_68bfcf5d95382","account":{"account_number":"6607682310","account_name":"Aspfiy-Alihisandata Aisha","bank_name":"Palmpay","created_at":"2025-09-09 07:56:02"},"meta":{"firstName":"Aisha","lastName":"Ahmad hussain","email":"aishaahmadhussain015@gmail.com"},"webhook_url":"https:\/\/alihisandata.com.ng\/webhook\/aspfiy\/index.php"}}
2025-09-09 06:55:28 - Successfully created virtual account: 6607682310 for token: 1ed892e5d1ccf353686f155991e62a4a
2025-09-09 18:27:05 - Requesting virtual account for token: 05f02901c2ace7b51e81233374329df3, API URL: https://api-v1.aspfiy.com/reserve-palmpay/, Payload: {"reference":"ref_68c07179ea125","firstName":"Abubakar","lastName":"Abuhibatullah","email":"abubakarahmadibrahim87@gmail.com","phone":"08162844384","webhookUrl":"https:\/\/alihisandata.com.ng\/webhook\/aspfiy\/index.php"}
2025-09-09 18:27:08 - API Response: HTTP Code: 200, Response: {"status":true,"message":"Account reserved","data":{"reference":"ref_68c07179ea125","account":{"account_number":"6621383046","account_name":"Aspfiy-Alihisandata Abubakar","bank_name":"Palmpay","created_at":"2025-09-09 07:27:43"},"meta":{"firstName":"Abubakar","lastName":"Abuhibatullah","email":"abubakarahmadibrahim87@gmail.com"},"webhook_url":"https:\/\/alihisandata.com.ng\/webhook\/aspfiy\/index.php"}}
2025-09-09 18:27:08 - Successfully created virtual account: 6621383046 for token: 05f02901c2ace7b51e81233374329df3
2025-09-11 17:36:46 - Requesting virtual account for token: bba74812ea5e587e4ac4d169b70d3301, API URL: https://api-v1.aspfiy.com/reserve-palmpay/, Payload: {"reference":"ref_68c308ae347b2","firstName":"Auwal","lastName":"Bishir","email":"auwalbishi486536@gmaik.com","phone":"09162625306","webhookUrl":"https:\/\/alihisandata.com.ng\/webhook\/aspfiy\/index.php"}
2025-09-11 17:36:47 - API Response: HTTP Code: 500, Response: 
2025-09-11 17:36:47 - Invalid JSON response: Syntax error
2025-09-11 17:37:20 - Requesting virtual account for token: bba74812ea5e587e4ac4d169b70d3301, API URL: https://api-v1.aspfiy.com/reserve-palmpay/, Payload: {"reference":"ref_68c308d0d1ba7","firstName":"Auwal","lastName":"Bishir","email":"auwalbishi486536@gmaik.com","phone":"09162625306","webhookUrl":"https:\/\/alihisandata.com.ng\/webhook\/aspfiy\/index.php"}
2025-09-11 17:37:21 - API Response: HTTP Code: 500, Response: 
2025-09-11 17:37:21 - Invalid JSON response: Syntax error
2025-09-12 08:16:50 - Requesting virtual account for token: 6afc59b02bd0e3ff3f7d39336f3015cf, API URL: https://api-v1.aspfiy.com/reserve-palmpay/, Payload: {"reference":"ref_68c3d6f2cfa56","firstName":"Isah","lastName":"Muhammad","email":"isah9384@gmail.com","phone":"08065373773","webhookUrl":"https:\/\/alihisandata.com.ng\/webhook\/aspfiy\/index.php"}
2025-09-12 08:16:51 - API Response: HTTP Code: 500, Response: 
2025-09-12 08:16:51 - Invalid JSON response: Syntax error
2025-09-12 12:45:35 - Requesting virtual account for token: 0facc9fdb2c30c4614bc1ca9a7959d55, API URL: https://api-v1.aspfiy.com/reserve-palmpay/, Payload: {"reference":"ref_68c415efc6263","firstName":"Abubakar","lastName":"Yusuf","email":"asmiledataab@gmail.com","phone":"07020559921","webhookUrl":"https:\/\/alihisandata.com.ng\/webhook\/aspfiy\/index.php"}
2025-09-12 12:45:36 - API Response: HTTP Code: 500, Response: 
2025-09-12 12:45:36 - Invalid JSON response: Syntax error
2025-09-12 16:33:33 - Requesting virtual account for token: 14c6717ea0a3d110081aaa3a1cffeefe, API URL: https://api-v1.aspfiy.com/reserve-palmpay/, Payload: {"reference":"ref_68c44b5d4cae8","firstName":"Mohammed","lastName":"Rabiu","email":"Gamjiglobal30@gmail.com","phone":"08029428281","webhookUrl":"https:\/\/alihisandata.com.ng\/webhook\/aspfiy\/index.php"}
2025-09-12 16:33:34 - API Response: HTTP Code: 500, Response: 
2025-09-12 16:33:34 - Invalid JSON response: Syntax error
2025-09-12 16:37:42 - Requesting virtual account for token: 14c6717ea0a3d110081aaa3a1cffeefe, API URL: https://api-v1.aspfiy.com/reserve-palmpay/, Payload: {"reference":"ref_68c44c561a1e5","firstName":"Mohammed","lastName":"Rabiu","email":"Gamjiglobal30@gmail.com","phone":"08029428281","webhookUrl":"https:\/\/alihisandata.com.ng\/webhook\/aspfiy\/index.php"}
2025-09-12 16:37:42 - API Response: HTTP Code: 500, Response: 
2025-09-12 16:37:42 - Invalid JSON response: Syntax error
2025-09-12 16:38:03 - Requesting virtual account for token: 14c6717ea0a3d110081aaa3a1cffeefe, API URL: https://api-v1.aspfiy.com/reserve-palmpay/, Payload: {"reference":"ref_68c44c6b2fe6e","firstName":"Mohammed","lastName":"Rabiu","email":"Gamjiglobal30@gmail.com","phone":"08029428281","webhookUrl":"https:\/\/alihisandata.com.ng\/webhook\/aspfiy\/index.php"}
2025-09-12 16:38:03 - API Response: HTTP Code: 500, Response: 
2025-09-12 16:38:03 - Invalid JSON response: Syntax error
2025-09-12 16:38:21 - Requesting virtual account for token: 14c6717ea0a3d110081aaa3a1cffeefe, API URL: https://api-v1.aspfiy.com/reserve-palmpay/, Payload: {"reference":"ref_68c44c7dbc2b8","firstName":"Mohammed","lastName":"Rabiu","email":"Gamjiglobal30@gmail.com","phone":"08029428281","webhookUrl":"https:\/\/alihisandata.com.ng\/webhook\/aspfiy\/index.php"}
2025-09-12 16:38:21 - API Response: HTTP Code: 500, Response: 
2025-09-12 16:38:21 - Invalid JSON response: Syntax error
2025-09-12 16:38:48 - Requesting virtual account for token: 14c6717ea0a3d110081aaa3a1cffeefe, API URL: https://api-v1.aspfiy.com/reserve-palmpay/, Payload: {"reference":"ref_68c44c9881deb","firstName":"Mohammed","lastName":"Rabiu","email":"Gamjiglobal30@gmail.com","phone":"08029428281","webhookUrl":"https:\/\/alihisandata.com.ng\/webhook\/aspfiy\/index.php"}
2025-09-12 16:38:48 - API Response: HTTP Code: 500, Response: 
2025-09-12 16:38:48 - Invalid JSON response: Syntax error
2025-09-12 16:39:47 - Requesting virtual account for token: 14c6717ea0a3d110081aaa3a1cffeefe, API URL: https://api-v1.aspfiy.com/reserve-palmpay/, Payload: {"reference":"ref_68c44cd3c5bbb","firstName":"Mohammed","lastName":"Rabiu","email":"Gamjiglobal30@gmail.com","phone":"08029428281","webhookUrl":"https:\/\/alihisandata.com.ng\/webhook\/aspfiy\/index.php"}
2025-09-12 16:39:48 - API Response: HTTP Code: 500, Response: 
2025-09-12 16:39:48 - Invalid JSON response: Syntax error
2025-09-12 16:40:47 - Requesting virtual account for token: 14c6717ea0a3d110081aaa3a1cffeefe, API URL: https://api-v1.aspfiy.com/reserve-palmpay/, Payload: {"reference":"ref_68c44d0fcf8c2","firstName":"Mohammed","lastName":"Rabiu","email":"Gamjiglobal30@gmail.com","phone":"08029428281","webhookUrl":"https:\/\/alihisandata.com.ng\/webhook\/aspfiy\/index.php"}
2025-09-12 16:40:48 - API Response: HTTP Code: 500, Response: 
2025-09-12 16:40:48 - Invalid JSON response: Syntax error
2025-09-12 17:56:56 - Requesting virtual account for token: bba74812ea5e587e4ac4d169b70d3301, API URL: https://api-v1.aspfiy.com/reserve-palmpay/, Payload: {"reference":"ref_68c45ee8a72a0","firstName":"Auwal","lastName":"Bishir","email":"auwalbishi486536@gmaik.com","phone":"09162625306","webhookUrl":"https:\/\/alihisandata.com.ng\/webhook\/aspfiy\/index.php"}
2025-09-12 17:56:57 - API Response: HTTP Code: 500, Response: 
2025-09-12 17:56:57 - Invalid JSON response: Syntax error
2025-09-12 17:57:05 - Requesting virtual account for token: bba74812ea5e587e4ac4d169b70d3301, API URL: https://api-v1.aspfiy.com/reserve-palmpay/, Payload: {"reference":"ref_68c45ef1b9786","firstName":"Auwal","lastName":"Bishir","email":"auwalbishi486536@gmaik.com","phone":"09162625306","webhookUrl":"https:\/\/alihisandata.com.ng\/webhook\/aspfiy\/index.php"}
2025-09-12 17:57:06 - API Response: HTTP Code: 500, Response: 
2025-09-12 17:57:06 - Invalid JSON response: Syntax error
2025-09-12 17:57:20 - Requesting virtual account for token: bba74812ea5e587e4ac4d169b70d3301, API URL: https://api-v1.aspfiy.com/reserve-palmpay/, Payload: {"reference":"ref_68c45f00158b5","firstName":"Auwal","lastName":"Bishir","email":"auwalbishi486536@gmaik.com","phone":"09162625306","webhookUrl":"https:\/\/alihisandata.com.ng\/webhook\/aspfiy\/index.php"}
2025-09-12 17:57:20 - API Response: HTTP Code: 500, Response: 
2025-09-12 17:57:20 - Invalid JSON response: Syntax error
2025-09-12 17:58:10 - Requesting virtual account for token: bba74812ea5e587e4ac4d169b70d3301, API URL: https://api-v1.aspfiy.com/reserve-palmpay/, Payload: {"reference":"ref_68c45f32699b9","firstName":"Auwal","lastName":"Bishir","email":"auwalbishi486536@gmaik.com","phone":"09162625306","webhookUrl":"https:\/\/alihisandata.com.ng\/webhook\/aspfiy\/index.php"}
2025-09-12 17:58:11 - API Response: HTTP Code: 500, Response: 
2025-09-12 17:58:11 - Invalid JSON response: Syntax error
2025-09-12 18:08:36 - Requesting virtual account for token: bba74812ea5e587e4ac4d169b70d3301, API URL: https://api-v1.aspfiy.com/reserve-palmpay/, Payload: {"reference":"ref_68c461a423416","firstName":"Auwal","lastName":"Bishir","email":"auwalbishi486536@gmaik.com","phone":"09162625306","webhookUrl":"https:\/\/alihisandata.com.ng\/webhook\/aspfiy\/index.php"}
2025-09-12 18:08:36 - API Response: HTTP Code: 500, Response: 
2025-09-12 18:08:36 - Invalid JSON response: Syntax error
2025-09-12 18:22:20 - Requesting virtual account for token: 14c6717ea0a3d110081aaa3a1cffeefe, API URL: https://api-v1.aspfiy.com/reserve-palmpay/, Payload: {"reference":"ref_68c464dc9dc01","firstName":"Mohammed","lastName":"Rabiu","email":"Gamjiglobal30@gmail.com","phone":"08029428281","webhookUrl":"https:\/\/alihisandata.com.ng\/webhook\/aspfiy\/index.php"}
2025-09-12 18:22:21 - API Response: HTTP Code: 500, Response: 
2025-09-12 18:22:21 - Invalid JSON response: Syntax error
2025-09-12 18:23:33 - Requesting virtual account for token: 14c6717ea0a3d110081aaa3a1cffeefe, API URL: https://api-v1.aspfiy.com/reserve-palmpay/, Payload: {"reference":"ref_68c465256d3b0","firstName":"Mohammed","lastName":"Rabiu","email":"Gamjiglobal30@gmail.com","phone":"08029428281","webhookUrl":"https:\/\/alihisandata.com.ng\/webhook\/aspfiy\/index.php"}
2025-09-12 18:23:34 - API Response: HTTP Code: 500, Response: 
2025-09-12 18:23:34 - Invalid JSON response: Syntax error
2025-09-12 19:18:14 - Requesting virtual account for token: 14c6717ea0a3d110081aaa3a1cffeefe, API URL: https://api-v1.aspfiy.com/reserve-palmpay/, Payload: {"reference":"ref_68c471f6272e5","firstName":"Mohammed","lastName":"Rabiu","email":"Gamjiglobal30@gmail.com","phone":"08029428281","webhookUrl":"https:\/\/alihisandata.com.ng\/webhook\/aspfiy\/index.php"}
2025-09-12 19:18:15 - API Response: HTTP Code: 500, Response: 
2025-09-12 19:18:15 - Invalid JSON response: Syntax error
2025-09-12 19:27:59 - Requesting virtual account for token: 14c6717ea0a3d110081aaa3a1cffeefe, API URL: https://api-v1.aspfiy.com/reserve-palmpay/, Payload: {"reference":"ref_68c4743f7e45a","firstName":"Mohammed","lastName":"Rabiu","email":"Gamjiglobal30@gmail.com","phone":"08029428281","webhookUrl":"https:\/\/alihisandata.com.ng\/webhook\/aspfiy\/index.php"}
2025-09-12 19:28:00 - API Response: HTTP Code: 500, Response: 
2025-09-12 19:28:00 - Invalid JSON response: Syntax error
2025-09-12 21:38:01 - Requesting virtual account for token: 574420a14f9d53715b8566f8fab3ccdd, API URL: https://api-v1.aspfiy.com/reserve-palmpay/, Payload: {"reference":"ref_68c492b9e9048","firstName":"Ibrahim","lastName":"yadullah","email":"yadullahibrahim@gmail.com","phone":"09067790146","webhookUrl":"https:\/\/alihisandata.com.ng\/webhook\/aspfiy\/index.php"}
2025-09-12 21:38:04 - API Response: HTTP Code: 200, Response: {"status":false,"message":"Cannot reserve account right now"}
2025-09-12 21:38:04 - Failed to retrieve account details from ASPFY API for token: 574420a14f9d53715b8566f8fab3ccdd
2025-09-12 21:49:12 - Requesting virtual account for token: 14c6717ea0a3d110081aaa3a1cffeefe, API URL: https://api-v1.aspfiy.com/reserve-palmpay/, Payload: {"reference":"ref_68c495583cd35","firstName":"Mohammed","lastName":"Rabiu","email":"Gamjiglobal30@gmail.com","phone":"08029428281","webhookUrl":"https:\/\/alihisandata.com.ng\/webhook\/aspfiy\/index.php"}
2025-09-12 21:49:13 - API Response: HTTP Code: 200, Response: {"status":false,"message":"Cannot reserve account right now"}
2025-09-12 21:49:13 - Failed to retrieve account details from ASPFY API for token: 14c6717ea0a3d110081aaa3a1cffeefe
2025-09-12 21:49:20 - Requesting virtual account for token: 14c6717ea0a3d110081aaa3a1cffeefe, API URL: https://api-v1.aspfiy.com/reserve-palmpay/, Payload: {"reference":"ref_68c4956087dd9","firstName":"Mohammed","lastName":"Rabiu","email":"Gamjiglobal30@gmail.com","phone":"08029428281","webhookUrl":"https:\/\/alihisandata.com.ng\/webhook\/aspfiy\/index.php"}
2025-09-12 21:49:21 - API Response: HTTP Code: 200, Response: {"status":false,"message":"Cannot reserve account right now"}
2025-09-12 21:49:21 - Failed to retrieve account details from ASPFY API for token: 14c6717ea0a3d110081aaa3a1cffeefe
2025-09-12 21:49:28 - Requesting virtual account for token: 14c6717ea0a3d110081aaa3a1cffeefe, API URL: https://api-v1.aspfiy.com/reserve-palmpay/, Payload: {"reference":"ref_68c4956845594","firstName":"Mohammed","lastName":"Rabiu","email":"Gamjiglobal30@gmail.com","phone":"08029428281","webhookUrl":"https:\/\/alihisandata.com.ng\/webhook\/aspfiy\/index.php"}
2025-09-12 21:49:29 - API Response: HTTP Code: 200, Response: {"status":false,"message":"Cannot reserve account right now"}
2025-09-12 21:49:29 - Failed to retrieve account details from ASPFY API for token: 14c6717ea0a3d110081aaa3a1cffeefe
2025-09-12 23:04:44 - Requesting virtual account for token: 14c6717ea0a3d110081aaa3a1cffeefe, API URL: https://api-v1.aspfiy.com/reserve-palmpay/, Payload: {"reference":"ref_68c4a70cb6c22","firstName":"Mohammed","lastName":"Rabiu","email":"Gamjiglobal30@gmail.com","phone":"08029428281","webhookUrl":"https:\/\/alihisandata.com.ng\/webhook\/aspfiy\/index.php"}
2025-09-12 23:04:45 - API Response: HTTP Code: 500, Response: 
2025-09-12 23:04:45 - Invalid JSON response: Syntax error
2025-09-12 23:04:51 - Requesting virtual account for token: 14c6717ea0a3d110081aaa3a1cffeefe, API URL: https://api-v1.aspfiy.com/reserve-palmpay/, Payload: {"reference":"ref_68c4a713d0ab9","firstName":"Mohammed","lastName":"Rabiu","email":"Gamjiglobal30@gmail.com","phone":"08029428281","webhookUrl":"https:\/\/alihisandata.com.ng\/webhook\/aspfiy\/index.php"}
2025-09-12 23:04:52 - API Response: HTTP Code: 500, Response: 
2025-09-12 23:04:52 - Invalid JSON response: Syntax error
2025-09-13 09:46:17 - Requesting virtual account for token: 14c6717ea0a3d110081aaa3a1cffeefe, API URL: https://api-v1.aspfiy.com/reserve-palmpay/, Payload: {"reference":"ref_68c53d696afaa","firstName":"Mohammed","lastName":"Rabiu","email":"Gamjiglobal30@gmail.com","phone":"08029428281","webhookUrl":"https:\/\/alihisandata.com.ng\/webhook\/aspfiy\/index.php"}
2025-09-13 09:46:28 - API Response: HTTP Code: 200, Response: {"status":false,"message":"Cannot reserve account right now"}
2025-09-13 09:46:28 - Failed to retrieve account details from ASPFY API for token: 14c6717ea0a3d110081aaa3a1cffeefe
2025-09-13 09:46:37 - Requesting virtual account for token: 14c6717ea0a3d110081aaa3a1cffeefe, API URL: https://api-v1.aspfiy.com/reserve-palmpay/, Payload: {"reference":"ref_68c53d7d2a761","firstName":"Mohammed","lastName":"Rabiu","email":"Gamjiglobal30@gmail.com","phone":"08029428281","webhookUrl":"https:\/\/alihisandata.com.ng\/webhook\/aspfiy\/index.php"}
2025-09-13 09:46:38 - API Response: HTTP Code: 200, Response: {"status":false,"message":"Cannot reserve account right now"}
2025-09-13 09:46:38 - Failed to retrieve account details from ASPFY API for token: 14c6717ea0a3d110081aaa3a1cffeefe
2025-09-13 09:46:47 - Requesting virtual account for token: 14c6717ea0a3d110081aaa3a1cffeefe, API URL: https://api-v1.aspfiy.com/reserve-palmpay/, Payload: {"reference":"ref_68c53d87ae3d1","firstName":"Mohammed","lastName":"Rabiu","email":"Gamjiglobal30@gmail.com","phone":"08029428281","webhookUrl":"https:\/\/alihisandata.com.ng\/webhook\/aspfiy\/index.php"}
2025-09-13 09:46:48 - API Response: HTTP Code: 200, Response: {"status":false,"message":"Cannot reserve account right now"}
2025-09-13 09:46:48 - Failed to retrieve account details from ASPFY API for token: 14c6717ea0a3d110081aaa3a1cffeefe
2025-09-13 09:48:13 - Requesting virtual account for token: 14c6717ea0a3d110081aaa3a1cffeefe, API URL: https://api-v1.aspfiy.com/reserve-palmpay/, Payload: {"reference":"ref_68c53ddd3a9fb","firstName":"Mohammed","lastName":"Rabiu","email":"Gamjiglobal30@gmail.com","phone":"08029428281","webhookUrl":"https:\/\/alihisandata.com.ng\/webhook\/aspfiy\/index.php"}
2025-09-13 09:48:15 - API Response: HTTP Code: 200, Response: {"status":false,"message":"Cannot reserve account right now"}
2025-09-13 09:48:15 - Failed to retrieve account details from ASPFY API for token: 14c6717ea0a3d110081aaa3a1cffeefe
2025-09-13 11:35:08 - Requesting virtual account for token: 14c6717ea0a3d110081aaa3a1cffeefe, API URL: https://api-v1.aspfiy.com/reserve-palmpay/, Payload: {"reference":"ref_68c556ec5fe54","firstName":"Mohammed","lastName":"Rabiu","email":"Gamjiglobal30@gmail.com","phone":"08029428281","webhookUrl":"https:\/\/alihisandata.com.ng\/webhook\/aspfiy\/index.php"}
2025-09-13 11:35:19 - API Response: HTTP Code: 200, Response: {"status":false,"message":"Cannot reserve account right now"}
2025-09-13 11:35:19 - Failed to retrieve account details from ASPFY API for token: 14c6717ea0a3d110081aaa3a1cffeefe
2025-09-13 15:58:13 - Requesting virtual account for token: 14c6717ea0a3d110081aaa3a1cffeefe, API URL: https://api-v1.aspfiy.com/reserve-palmpay/, Payload: {"reference":"ref_68c5949567cd7","firstName":"Mohammed","lastName":"Rabiu","email":"Gamjiglobal30@gmail.com","phone":"08029428281","webhookUrl":"https:\/\/alihisandata.com.ng\/webhook\/aspfiy\/index.php"}
2025-09-13 15:58:25 - API Response: HTTP Code: 200, Response: {"status":false,"message":"Cannot reserve account right now"}
2025-09-13 15:58:25 - Failed to retrieve account details from ASPFY API for token: 14c6717ea0a3d110081aaa3a1cffeefe
2025-09-13 15:58:55 - Requesting virtual account for token: 14c6717ea0a3d110081aaa3a1cffeefe, API URL: https://api-v1.aspfiy.com/reserve-palmpay/, Payload: {"reference":"ref_68c594bff2611","firstName":"Mohammed","lastName":"Rabiu","email":"Gamjiglobal30@gmail.com","phone":"08029428281","webhookUrl":"https:\/\/alihisandata.com.ng\/webhook\/aspfiy\/index.php"}
2025-09-13 15:58:57 - API Response: HTTP Code: 200, Response: {"status":false,"message":"Cannot reserve account right now"}
2025-09-13 15:58:57 - Failed to retrieve account details from ASPFY API for token: 14c6717ea0a3d110081aaa3a1cffeefe
2025-09-13 19:00:38 - Requesting virtual account for token: bba74812ea5e587e4ac4d169b70d3301, API URL: https://api-v1.aspfiy.com/reserve-palmpay/, Payload: {"reference":"ref_68c5bf56643d7","firstName":"Auwal","lastName":"Bishir","email":"auwalbishi486536@gmaik.com","phone":"09162625306","webhookUrl":"https:\/\/alihisandata.com.ng\/webhook\/aspfiy\/index.php"}
2025-09-13 19:00:50 - API Response: HTTP Code: 200, Response: {"status":false,"message":"Cannot reserve account right now"}
2025-09-13 19:00:50 - Failed to retrieve account details from ASPFY API for token: bba74812ea5e587e4ac4d169b70d3301
2025-09-13 22:31:49 - Requesting virtual account for token: 14c6717ea0a3d110081aaa3a1cffeefe, API URL: https://api-v1.aspfiy.com/reserve-palmpay/, Payload: {"reference":"ref_68c5f0d533e35","firstName":"Mohammed","lastName":"Rabiu","email":"Gamjiglobal30@gmail.com","phone":"08029428281","webhookUrl":"https:\/\/alihisandata.com.ng\/webhook\/aspfiy\/index.php"}
2025-09-13 22:31:56 - API Response: HTTP Code: 200, Response: {"status":false,"message":"Cannot reserve account right now"}
2025-09-13 22:31:56 - Failed to retrieve account details from ASPFY API for token: 14c6717ea0a3d110081aaa3a1cffeefe
2025-09-14 08:43:00 - Requesting virtual account for token: 14c6717ea0a3d110081aaa3a1cffeefe, API URL: https://api-v1.aspfiy.com/reserve-palmpay/, Payload: {"reference":"ref_68c680140da27","firstName":"Mohammed","lastName":"Rabiu","email":"Gamjiglobal30@gmail.com","phone":"08029428281","webhookUrl":"https:\/\/alihisandata.com.ng\/webhook\/aspfiy\/index.php"}
2025-09-14 08:43:11 - API Response: HTTP Code: 200, Response: {"status":false,"message":"Cannot reserve account right now"}
2025-09-14 08:43:11 - Failed to retrieve account details from ASPFY API for token: 14c6717ea0a3d110081aaa3a1cffeefe
2025-09-14 11:24:24 - Requesting virtual account for token: 6afc59b02bd0e3ff3f7d39336f3015cf, API URL: https://api-v1.aspfiy.com/reserve-palmpay/, Payload: {"reference":"ref_68c6a5e8b3b10","firstName":"Isah","lastName":"Muhammad","email":"isah9384@gmail.com","phone":"08065373773","webhookUrl":"https:\/\/alihisandata.com.ng\/webhook\/aspfiy\/index.php"}
2025-09-14 11:24:35 - API Response: HTTP Code: 200, Response: {"status":false,"message":"Cannot reserve account right now"}
2025-09-14 11:24:35 - Failed to retrieve account details from ASPFY API for token: 6afc59b02bd0e3ff3f7d39336f3015cf
2025-09-14 22:05:45 - Requesting virtual account for token: 14c6717ea0a3d110081aaa3a1cffeefe, API URL: https://api-v1.aspfiy.com/reserve-palmpay/, Payload: {"reference":"ref_68c73c39632c1","firstName":"Mohammed","lastName":"Rabiu","email":"Gamjiglobal30@gmail.com","phone":"08029428281","webhookUrl":"https:\/\/alihisandata.com.ng\/webhook\/aspfiy\/index.php"}
2025-09-14 22:05:48 - API Response: HTTP Code: 200, Response: {"status":false,"message":"Cannot reserve account right now"}
2025-09-14 22:05:48 - Failed to retrieve account details from ASPFY API for token: 14c6717ea0a3d110081aaa3a1cffeefe
2025-09-14 22:08:16 - Requesting virtual account for token: 14c6717ea0a3d110081aaa3a1cffeefe, API URL: https://api-v1.aspfiy.com/reserve-palmpay/, Payload: {"reference":"ref_68c73cd0eed49","firstName":"Mohammed","lastName":"Rabiu","email":"Gamjiglobal30@gmail.com","phone":"08029428281","webhookUrl":"https:\/\/alihisandata.com.ng\/webhook\/aspfiy\/index.php"}
2025-09-14 22:08:19 - API Response: HTTP Code: 200, Response: {"status":false,"message":"Cannot reserve account right now"}
2025-09-14 22:08:19 - Failed to retrieve account details from ASPFY API for token: 14c6717ea0a3d110081aaa3a1cffeefe
2025-09-15 11:44:08 - Requesting virtual account for token: b71eb825097f996c675b4de437b63e98, API URL: https://api-v1.aspfiy.com/reserve-palmpay/, Payload: {"reference":"ref_68c7fc08d0d71","firstName":"yakuba","lastName":"Haruna","email":"yakubaharuna4@gmail.com","phone":"08060298788","webhookUrl":"https:\/\/alihisandata.com.ng\/webhook\/aspfiy\/index.php"}
2025-09-15 11:44:15 - API Response: HTTP Code: 200, Response: {"status":false,"message":"Cannot reserve account right now"}
2025-09-15 11:44:15 - Failed to retrieve account details from ASPFY API for token: b71eb825097f996c675b4de437b63e98
2025-09-15 12:03:12 - Requesting virtual account for token: b71eb825097f996c675b4de437b63e98, API URL: https://api-v1.aspfiy.com/reserve-palmpay/, Payload: {"reference":"ref_68c800802fb53","firstName":"yakuba","lastName":"Haruna","email":"yakubaharuna4@gmail.com","phone":"08060298788","webhookUrl":"https:\/\/alihisandata.com.ng\/webhook\/aspfiy\/index.php"}
2025-09-15 12:03:23 - API Response: HTTP Code: 200, Response: {"status":false,"message":"Cannot reserve account right now"}
2025-09-15 12:03:23 - Failed to retrieve account details from ASPFY API for token: b71eb825097f996c675b4de437b63e98
2025-09-15 12:03:40 - Requesting virtual account for token: b71eb825097f996c675b4de437b63e98, API URL: https://api-v1.aspfiy.com/reserve-palmpay/, Payload: {"reference":"ref_68c8009c36dad","firstName":"yakuba","lastName":"Haruna","email":"yakubaharuna4@gmail.com","phone":"08060298788","webhookUrl":"https:\/\/alihisandata.com.ng\/webhook\/aspfiy\/index.php"}
2025-09-15 12:03:41 - API Response: HTTP Code: 200, Response: {"status":false,"message":"Cannot reserve account right now"}
2025-09-15 12:03:41 - Failed to retrieve account details from ASPFY API for token: b71eb825097f996c675b4de437b63e98
2025-09-15 12:08:00 - Requesting virtual account for token: b71eb825097f996c675b4de437b63e98, API URL: https://api-v1.aspfiy.com/reserve-palmpay/, Payload: {"reference":"ref_68c801a045ea7","firstName":"yakuba","lastName":"Haruna","email":"yakubaharuna4@gmail.com","phone":"08060298788","webhookUrl":"https:\/\/alihisandata.com.ng\/webhook\/aspfiy\/index.php"}
2025-09-15 12:08:01 - API Response: HTTP Code: 200, Response: {"status":false,"message":"Cannot reserve account right now"}
2025-09-15 12:08:01 - Failed to retrieve account details from ASPFY API for token: b71eb825097f996c675b4de437b63e98
2025-09-15 12:25:59 - Requesting virtual account for token: b71eb825097f996c675b4de437b63e98, API URL: https://api-v1.aspfiy.com/reserve-palmpay/, Payload: {"reference":"ref_68c805d77cb58","firstName":"yakuba","lastName":"Haruna","email":"yakubaharuna4@gmail.com","phone":"08060298788","webhookUrl":"https:\/\/alihisandata.com.ng\/webhook\/aspfiy\/index.php"}
2025-09-15 12:26:01 - API Response: HTTP Code: 200, Response: {"status":false,"message":"Cannot reserve account right now"}
2025-09-15 12:26:01 - Failed to retrieve account details from ASPFY API for token: b71eb825097f996c675b4de437b63e98
2025-09-15 14:54:53 - Requesting virtual account for token: b71eb825097f996c675b4de437b63e98, API URL: https://api-v1.aspfiy.com/reserve-palmpay/, Payload: {"reference":"ref_68c828bdb752e","firstName":"yakuba","lastName":"Haruna","email":"yakubaharuna4@gmail.com","phone":"08060298788","webhookUrl":"https:\/\/alihisandata.com.ng\/webhook\/aspfiy\/index.php"}
2025-09-15 14:55:05 - API Response: HTTP Code: 200, Response: {"status":false,"message":"Cannot reserve account right now"}
2025-09-15 14:55:05 - Failed to retrieve account details from ASPFY API for token: b71eb825097f996c675b4de437b63e98
