[25-Aug-2025 14:53:01 UTC] PHP Warning:  Undefined variable $config_stmt in /home/irvprxtj/public_html/mobile/assets/app/files_application/profile.php on line 99
[25-Aug-2025 14:53:01 UTC] PHP Fatal error:  Uncaught Error: Call to a member function close() on null in /home/irvprxtj/public_html/mobile/assets/app/files_application/profile.php:99
Stack trace:
#0 {main}
  thrown in /home/irvprxtj/public_html/mobile/assets/app/files_application/profile.php on line 99
[25-Aug-2025 14:53:01 UTC] PHP Warning:  Undefined variable $config_stmt in /home/irvprxtj/public_html/mobile/assets/app/files_application/profile.php on line 99
[25-Aug-2025 14:53:01 UTC] PHP Fatal error:  Uncaught Error: Call to a member function close() on null in /home/irvprxtj/public_html/mobile/assets/app/files_application/profile.php:99
Stack trace:
#0 {main}
  thrown in /home/irvprxtj/public_html/mobile/assets/app/files_application/profile.php on line 99
[26-Aug-2025 12:15:14 UTC] PHP Warning:  Undefined variable $config_stmt in /home/irvprxtj/public_html/mobile/assets/app/files_application/profile.php on line 99
[26-Aug-2025 12:15:14 UTC] PHP Fatal error:  Uncaught Error: Call to a member function close() on null in /home/irvprxtj/public_html/mobile/assets/app/files_application/profile.php:99
Stack trace:
#0 {main}
  thrown in /home/irvprxtj/public_html/mobile/assets/app/files_application/profile.php on line 99
[26-Aug-2025 12:15:14 UTC] PHP Warning:  Undefined variable $config_stmt in /home/irvprxtj/public_html/mobile/assets/app/files_application/profile.php on line 99
[26-Aug-2025 12:15:14 UTC] PHP Fatal error:  Uncaught Error: Call to a member function close() on null in /home/irvprxtj/public_html/mobile/assets/app/files_application/profile.php:99
Stack trace:
#0 {main}
  thrown in /home/irvprxtj/public_html/mobile/assets/app/files_application/profile.php on line 99
[26-Aug-2025 20:22:41 UTC] PHP Warning:  Undefined variable $config_stmt in /home/irvprxtj/public_html/mobile/assets/app/files_application/profile.php on line 99
[26-Aug-2025 20:22:41 UTC] PHP Fatal error:  Uncaught Error: Call to a member function close() on null in /home/irvprxtj/public_html/mobile/assets/app/files_application/profile.php:99
Stack trace:
#0 {main}
  thrown in /home/irvprxtj/public_html/mobile/assets/app/files_application/profile.php on line 99
[26-Aug-2025 20:22:42 UTC] PHP Warning:  Undefined variable $config_stmt in /home/irvprxtj/public_html/mobile/assets/app/files_application/profile.php on line 99
[26-Aug-2025 20:22:42 UTC] PHP Fatal error:  Uncaught Error: Call to a member function close() on null in /home/irvprxtj/public_html/mobile/assets/app/files_application/profile.php:99
Stack trace:
#0 {main}
  thrown in /home/irvprxtj/public_html/mobile/assets/app/files_application/profile.php on line 99
[26-Aug-2025 20:23:10 UTC] PHP Warning:  Undefined variable $config_stmt in /home/irvprxtj/public_html/mobile/assets/app/files_application/profile.php on line 99
[26-Aug-2025 20:23:10 UTC] PHP Fatal error:  Uncaught Error: Call to a member function close() on null in /home/irvprxtj/public_html/mobile/assets/app/files_application/profile.php:99
Stack trace:
#0 {main}
  thrown in /home/irvprxtj/public_html/mobile/assets/app/files_application/profile.php on line 99
[26-Aug-2025 20:23:10 UTC] PHP Warning:  Undefined variable $config_stmt in /home/irvprxtj/public_html/mobile/assets/app/files_application/profile.php on line 99
[26-Aug-2025 20:23:10 UTC] PHP Fatal error:  Uncaught Error: Call to a member function close() on null in /home/irvprxtj/public_html/mobile/assets/app/files_application/profile.php:99
Stack trace:
#0 {main}
  thrown in /home/irvprxtj/public_html/mobile/assets/app/files_application/profile.php on line 99
[26-Aug-2025 20:23:51 UTC] PHP Warning:  Undefined variable $config_stmt in /home/irvprxtj/public_html/mobile/assets/app/files_application/profile.php on line 99
[26-Aug-2025 20:23:51 UTC] PHP Fatal error:  Uncaught Error: Call to a member function close() on null in /home/irvprxtj/public_html/mobile/assets/app/files_application/profile.php:99
Stack trace:
#0 {main}
  thrown in /home/irvprxtj/public_html/mobile/assets/app/files_application/profile.php on line 99
[26-Aug-2025 20:23:52 UTC] PHP Warning:  Undefined variable $config_stmt in /home/irvprxtj/public_html/mobile/assets/app/files_application/profile.php on line 99
[26-Aug-2025 20:23:52 UTC] PHP Fatal error:  Uncaught Error: Call to a member function close() on null in /home/irvprxtj/public_html/mobile/assets/app/files_application/profile.php:99
Stack trace:
#0 {main}
  thrown in /home/irvprxtj/public_html/mobile/assets/app/files_application/profile.php on line 99
[26-Aug-2025 20:24:28 UTC] PHP Warning:  Undefined variable $config_stmt in /home/irvprxtj/public_html/mobile/assets/app/files_application/profile.php on line 99
[26-Aug-2025 20:24:28 UTC] PHP Fatal error:  Uncaught Error: Call to a member function close() on null in /home/irvprxtj/public_html/mobile/assets/app/files_application/profile.php:99
Stack trace:
#0 {main}
  thrown in /home/irvprxtj/public_html/mobile/assets/app/files_application/profile.php on line 99
[26-Aug-2025 20:24:28 UTC] PHP Warning:  Undefined variable $config_stmt in /home/irvprxtj/public_html/mobile/assets/app/files_application/profile.php on line 99
[26-Aug-2025 20:24:28 UTC] PHP Fatal error:  Uncaught Error: Call to a member function close() on null in /home/irvprxtj/public_html/mobile/assets/app/files_application/profile.php:99
Stack trace:
#0 {main}
  thrown in /home/irvprxtj/public_html/mobile/assets/app/files_application/profile.php on line 99
[27-Aug-2025 05:07:41 UTC] PHP Warning:  Undefined variable $config_stmt in /home/irvprxtj/public_html/mobile/assets/app/files_application/profile.php on line 99
[27-Aug-2025 05:07:41 UTC] PHP Fatal error:  Uncaught Error: Call to a member function close() on null in /home/irvprxtj/public_html/mobile/assets/app/files_application/profile.php:99
Stack trace:
#0 {main}
  thrown in /home/irvprxtj/public_html/mobile/assets/app/files_application/profile.php on line 99
[27-Aug-2025 05:07:41 UTC] PHP Warning:  Undefined variable $config_stmt in /home/irvprxtj/public_html/mobile/assets/app/files_application/profile.php on line 99
[27-Aug-2025 05:07:41 UTC] PHP Fatal error:  Uncaught Error: Call to a member function close() on null in /home/irvprxtj/public_html/mobile/assets/app/files_application/profile.php:99
Stack trace:
#0 {main}
  thrown in /home/irvprxtj/public_html/mobile/assets/app/files_application/profile.php on line 99
[27-Aug-2025 05:08:07 UTC] PHP Warning:  Undefined variable $config_stmt in /home/irvprxtj/public_html/mobile/assets/app/files_application/profile.php on line 99
[27-Aug-2025 05:08:07 UTC] PHP Fatal error:  Uncaught Error: Call to a member function close() on null in /home/irvprxtj/public_html/mobile/assets/app/files_application/profile.php:99
Stack trace:
#0 {main}
  thrown in /home/irvprxtj/public_html/mobile/assets/app/files_application/profile.php on line 99
[27-Aug-2025 05:08:34 UTC] PHP Warning:  Undefined variable $config_stmt in /home/irvprxtj/public_html/mobile/assets/app/files_application/profile.php on line 99
[27-Aug-2025 05:08:34 UTC] PHP Fatal error:  Uncaught Error: Call to a member function close() on null in /home/irvprxtj/public_html/mobile/assets/app/files_application/profile.php:99
Stack trace:
#0 {main}
  thrown in /home/irvprxtj/public_html/mobile/assets/app/files_application/profile.php on line 99
[27-Aug-2025 05:08:34 UTC] PHP Warning:  Undefined variable $config_stmt in /home/irvprxtj/public_html/mobile/assets/app/files_application/profile.php on line 99
[27-Aug-2025 05:08:34 UTC] PHP Fatal error:  Uncaught Error: Call to a member function close() on null in /home/irvprxtj/public_html/mobile/assets/app/files_application/profile.php:99
Stack trace:
#0 {main}
  thrown in /home/irvprxtj/public_html/mobile/assets/app/files_application/profile.php on line 99
[27-Aug-2025 05:12:49 UTC] PHP Warning:  Undefined variable $config_stmt in /home/irvprxtj/public_html/mobile/assets/app/files_application/profile.php on line 99
[27-Aug-2025 05:12:49 UTC] PHP Fatal error:  Uncaught Error: Call to a member function close() on null in /home/irvprxtj/public_html/mobile/assets/app/files_application/profile.php:99
Stack trace:
#0 {main}
  thrown in /home/irvprxtj/public_html/mobile/assets/app/files_application/profile.php on line 99
[27-Aug-2025 05:12:49 UTC] PHP Warning:  Undefined variable $config_stmt in /home/irvprxtj/public_html/mobile/assets/app/files_application/profile.php on line 99
[27-Aug-2025 05:12:49 UTC] PHP Fatal error:  Uncaught Error: Call to a member function close() on null in /home/irvprxtj/public_html/mobile/assets/app/files_application/profile.php:99
Stack trace:
#0 {main}
  thrown in /home/irvprxtj/public_html/mobile/assets/app/files_application/profile.php on line 99
[27-Aug-2025 05:13:24 UTC] PHP Warning:  Undefined variable $config_stmt in /home/irvprxtj/public_html/mobile/assets/app/files_application/profile.php on line 99
[27-Aug-2025 05:13:24 UTC] PHP Fatal error:  Uncaught Error: Call to a member function close() on null in /home/irvprxtj/public_html/mobile/assets/app/files_application/profile.php:99
Stack trace:
#0 {main}
  thrown in /home/irvprxtj/public_html/mobile/assets/app/files_application/profile.php on line 99
[27-Aug-2025 05:13:25 UTC] PHP Warning:  Undefined variable $config_stmt in /home/irvprxtj/public_html/mobile/assets/app/files_application/profile.php on line 99
[27-Aug-2025 05:13:25 UTC] PHP Fatal error:  Uncaught Error: Call to a member function close() on null in /home/irvprxtj/public_html/mobile/assets/app/files_application/profile.php:99
Stack trace:
#0 {main}
  thrown in /home/irvprxtj/public_html/mobile/assets/app/files_application/profile.php on line 99
[27-Aug-2025 07:25:25 UTC] PHP Warning:  Undefined variable $config_stmt in /home/irvprxtj/public_html/mobile/assets/app/files_application/profile.php on line 99
[27-Aug-2025 07:25:25 UTC] PHP Fatal error:  Uncaught Error: Call to a member function close() on null in /home/irvprxtj/public_html/mobile/assets/app/files_application/profile.php:99
Stack trace:
#0 {main}
  thrown in /home/irvprxtj/public_html/mobile/assets/app/files_application/profile.php on line 99
[27-Aug-2025 07:25:25 UTC] PHP Warning:  Undefined variable $config_stmt in /home/irvprxtj/public_html/mobile/assets/app/files_application/profile.php on line 99
[27-Aug-2025 07:25:25 UTC] PHP Fatal error:  Uncaught Error: Call to a member function close() on null in /home/irvprxtj/public_html/mobile/assets/app/files_application/profile.php:99
Stack trace:
#0 {main}
  thrown in /home/irvprxtj/public_html/mobile/assets/app/files_application/profile.php on line 99
[27-Aug-2025 15:08:45 UTC] PHP Warning:  Undefined variable $config_stmt in /home/irvprxtj/public_html/mobile/assets/app/files_application/profile.php on line 99
[27-Aug-2025 15:08:45 UTC] PHP Fatal error:  Uncaught Error: Call to a member function close() on null in /home/irvprxtj/public_html/mobile/assets/app/files_application/profile.php:99
Stack trace:
#0 {main}
  thrown in /home/irvprxtj/public_html/mobile/assets/app/files_application/profile.php on line 99
[27-Aug-2025 15:08:46 UTC] PHP Warning:  Undefined variable $config_stmt in /home/irvprxtj/public_html/mobile/assets/app/files_application/profile.php on line 99
[27-Aug-2025 15:08:46 UTC] PHP Fatal error:  Uncaught Error: Call to a member function close() on null in /home/irvprxtj/public_html/mobile/assets/app/files_application/profile.php:99
Stack trace:
#0 {main}
  thrown in /home/irvprxtj/public_html/mobile/assets/app/files_application/profile.php on line 99
[27-Aug-2025 15:36:48 UTC] PHP Warning:  Undefined variable $config_stmt in /home/irvprxtj/public_html/mobile/assets/app/files_application/profile.php on line 99
[27-Aug-2025 15:36:48 UTC] PHP Fatal error:  Uncaught Error: Call to a member function close() on null in /home/irvprxtj/public_html/mobile/assets/app/files_application/profile.php:99
Stack trace:
#0 {main}
  thrown in /home/irvprxtj/public_html/mobile/assets/app/files_application/profile.php on line 99
[27-Aug-2025 15:36:53 UTC] PHP Warning:  Undefined variable $config_stmt in /home/irvprxtj/public_html/mobile/assets/app/files_application/profile.php on line 99
[27-Aug-2025 15:36:53 UTC] PHP Fatal error:  Uncaught Error: Call to a member function close() on null in /home/irvprxtj/public_html/mobile/assets/app/files_application/profile.php:99
Stack trace:
#0 {main}
  thrown in /home/irvprxtj/public_html/mobile/assets/app/files_application/profile.php on line 99
[27-Aug-2025 15:36:53 UTC] PHP Warning:  Undefined variable $config_stmt in /home/irvprxtj/public_html/mobile/assets/app/files_application/profile.php on line 99
[27-Aug-2025 15:36:53 UTC] PHP Fatal error:  Uncaught Error: Call to a member function close() on null in /home/irvprxtj/public_html/mobile/assets/app/files_application/profile.php:99
Stack trace:
#0 {main}
  thrown in /home/irvprxtj/public_html/mobile/assets/app/files_application/profile.php on line 99
[27-Aug-2025 15:36:57 UTC] PHP Warning:  Undefined variable $config_stmt in /home/irvprxtj/public_html/mobile/assets/app/files_application/profile.php on line 99
[27-Aug-2025 15:36:57 UTC] PHP Fatal error:  Uncaught Error: Call to a member function close() on null in /home/irvprxtj/public_html/mobile/assets/app/files_application/profile.php:99
Stack trace:
#0 {main}
  thrown in /home/irvprxtj/public_html/mobile/assets/app/files_application/profile.php on line 99
[27-Aug-2025 15:36:57 UTC] PHP Warning:  Undefined variable $config_stmt in /home/irvprxtj/public_html/mobile/assets/app/files_application/profile.php on line 99
[27-Aug-2025 15:36:57 UTC] PHP Fatal error:  Uncaught Error: Call to a member function close() on null in /home/irvprxtj/public_html/mobile/assets/app/files_application/profile.php:99
Stack trace:
#0 {main}
  thrown in /home/irvprxtj/public_html/mobile/assets/app/files_application/profile.php on line 99
[27-Aug-2025 15:37:10 UTC] PHP Warning:  Undefined variable $config_stmt in /home/irvprxtj/public_html/mobile/assets/app/files_application/profile.php on line 99
[27-Aug-2025 15:37:10 UTC] PHP Fatal error:  Uncaught Error: Call to a member function close() on null in /home/irvprxtj/public_html/mobile/assets/app/files_application/profile.php:99
Stack trace:
#0 {main}
  thrown in /home/irvprxtj/public_html/mobile/assets/app/files_application/profile.php on line 99
[27-Aug-2025 15:37:10 UTC] PHP Warning:  Undefined variable $config_stmt in /home/irvprxtj/public_html/mobile/assets/app/files_application/profile.php on line 99
[27-Aug-2025 15:37:10 UTC] PHP Fatal error:  Uncaught Error: Call to a member function close() on null in /home/irvprxtj/public_html/mobile/assets/app/files_application/profile.php:99
Stack trace:
#0 {main}
  thrown in /home/irvprxtj/public_html/mobile/assets/app/files_application/profile.php on line 99
[27-Aug-2025 15:37:14 UTC] PHP Warning:  Undefined variable $config_stmt in /home/irvprxtj/public_html/mobile/assets/app/files_application/profile.php on line 99
[27-Aug-2025 15:37:14 UTC] PHP Fatal error:  Uncaught Error: Call to a member function close() on null in /home/irvprxtj/public_html/mobile/assets/app/files_application/profile.php:99
Stack trace:
#0 {main}
  thrown in /home/irvprxtj/public_html/mobile/assets/app/files_application/profile.php on line 99
[27-Aug-2025 15:37:14 UTC] PHP Warning:  Undefined variable $config_stmt in /home/irvprxtj/public_html/mobile/assets/app/files_application/profile.php on line 99
[27-Aug-2025 15:37:14 UTC] PHP Fatal error:  Uncaught Error: Call to a member function close() on null in /home/irvprxtj/public_html/mobile/assets/app/files_application/profile.php:99
Stack trace:
#0 {main}
  thrown in /home/irvprxtj/public_html/mobile/assets/app/files_application/profile.php on line 99
[27-Aug-2025 16:43:50 UTC] PHP Warning:  Undefined variable $config_stmt in /home/irvprxtj/public_html/mobile/assets/app/files_application/profile.php on line 99
[27-Aug-2025 16:43:50 UTC] PHP Fatal error:  Uncaught Error: Call to a member function close() on null in /home/irvprxtj/public_html/mobile/assets/app/files_application/profile.php:99
Stack trace:
#0 {main}
  thrown in /home/irvprxtj/public_html/mobile/assets/app/files_application/profile.php on line 99
[27-Aug-2025 16:43:50 UTC] PHP Warning:  Undefined variable $config_stmt in /home/irvprxtj/public_html/mobile/assets/app/files_application/profile.php on line 99
[27-Aug-2025 16:43:50 UTC] PHP Fatal error:  Uncaught Error: Call to a member function close() on null in /home/irvprxtj/public_html/mobile/assets/app/files_application/profile.php:99
Stack trace:
#0 {main}
  thrown in /home/irvprxtj/public_html/mobile/assets/app/files_application/profile.php on line 99
[28-Aug-2025 06:47:51 UTC] PHP Warning:  Undefined variable $config_stmt in /home/irvprxtj/public_html/mobile/assets/app/files_application/profile.php on line 99
[28-Aug-2025 06:47:51 UTC] PHP Fatal error:  Uncaught Error: Call to a member function close() on null in /home/irvprxtj/public_html/mobile/assets/app/files_application/profile.php:99
Stack trace:
#0 {main}
  thrown in /home/irvprxtj/public_html/mobile/assets/app/files_application/profile.php on line 99
[28-Aug-2025 06:47:51 UTC] PHP Warning:  Undefined variable $config_stmt in /home/irvprxtj/public_html/mobile/assets/app/files_application/profile.php on line 99
[28-Aug-2025 06:47:51 UTC] PHP Fatal error:  Uncaught Error: Call to a member function close() on null in /home/irvprxtj/public_html/mobile/assets/app/files_application/profile.php:99
Stack trace:
#0 {main}
  thrown in /home/irvprxtj/public_html/mobile/assets/app/files_application/profile.php on line 99
[28-Aug-2025 06:48:10 UTC] PHP Warning:  Undefined variable $config_stmt in /home/irvprxtj/public_html/mobile/assets/app/files_application/profile.php on line 99
[28-Aug-2025 06:48:10 UTC] PHP Fatal error:  Uncaught Error: Call to a member function close() on null in /home/irvprxtj/public_html/mobile/assets/app/files_application/profile.php:99
Stack trace:
#0 {main}
  thrown in /home/irvprxtj/public_html/mobile/assets/app/files_application/profile.php on line 99
[28-Aug-2025 06:48:10 UTC] PHP Warning:  Undefined variable $config_stmt in /home/irvprxtj/public_html/mobile/assets/app/files_application/profile.php on line 99
[28-Aug-2025 06:48:10 UTC] PHP Fatal error:  Uncaught Error: Call to a member function close() on null in /home/irvprxtj/public_html/mobile/assets/app/files_application/profile.php:99
Stack trace:
#0 {main}
  thrown in /home/irvprxtj/public_html/mobile/assets/app/files_application/profile.php on line 99
[28-Aug-2025 07:18:07 UTC] PHP Warning:  Undefined variable $config_stmt in /home/irvprxtj/public_html/mobile/assets/app/files_application/profile.php on line 99
[28-Aug-2025 07:18:07 UTC] PHP Fatal error:  Uncaught Error: Call to a member function close() on null in /home/irvprxtj/public_html/mobile/assets/app/files_application/profile.php:99
Stack trace:
#0 {main}
  thrown in /home/irvprxtj/public_html/mobile/assets/app/files_application/profile.php on line 99
[28-Aug-2025 07:18:07 UTC] PHP Warning:  Undefined variable $config_stmt in /home/irvprxtj/public_html/mobile/assets/app/files_application/profile.php on line 99
[28-Aug-2025 07:18:07 UTC] PHP Fatal error:  Uncaught Error: Call to a member function close() on null in /home/irvprxtj/public_html/mobile/assets/app/files_application/profile.php:99
Stack trace:
#0 {main}
  thrown in /home/irvprxtj/public_html/mobile/assets/app/files_application/profile.php on line 99
[28-Aug-2025 07:18:32 UTC] PHP Warning:  Undefined variable $config_stmt in /home/irvprxtj/public_html/mobile/assets/app/files_application/profile.php on line 99
[28-Aug-2025 07:18:32 UTC] PHP Fatal error:  Uncaught Error: Call to a member function close() on null in /home/irvprxtj/public_html/mobile/assets/app/files_application/profile.php:99
Stack trace:
#0 {main}
  thrown in /home/irvprxtj/public_html/mobile/assets/app/files_application/profile.php on line 99
[28-Aug-2025 07:18:32 UTC] PHP Warning:  Undefined variable $config_stmt in /home/irvprxtj/public_html/mobile/assets/app/files_application/profile.php on line 99
[28-Aug-2025 07:18:32 UTC] PHP Fatal error:  Uncaught Error: Call to a member function close() on null in /home/irvprxtj/public_html/mobile/assets/app/files_application/profile.php:99
Stack trace:
#0 {main}
  thrown in /home/irvprxtj/public_html/mobile/assets/app/files_application/profile.php on line 99
[28-Aug-2025 07:31:19 UTC] PHP Warning:  Undefined variable $config_stmt in /home/irvprxtj/public_html/mobile/assets/app/files_application/profile.php on line 99
[28-Aug-2025 07:31:19 UTC] PHP Fatal error:  Uncaught Error: Call to a member function close() on null in /home/irvprxtj/public_html/mobile/assets/app/files_application/profile.php:99
Stack trace:
#0 {main}
  thrown in /home/irvprxtj/public_html/mobile/assets/app/files_application/profile.php on line 99
[28-Aug-2025 07:31:19 UTC] PHP Warning:  Undefined variable $config_stmt in /home/irvprxtj/public_html/mobile/assets/app/files_application/profile.php on line 99
[28-Aug-2025 07:31:19 UTC] PHP Fatal error:  Uncaught Error: Call to a member function close() on null in /home/irvprxtj/public_html/mobile/assets/app/files_application/profile.php:99
Stack trace:
#0 {main}
  thrown in /home/irvprxtj/public_html/mobile/assets/app/files_application/profile.php on line 99
[28-Aug-2025 07:32:03 UTC] PHP Warning:  Undefined variable $config_stmt in /home/irvprxtj/public_html/mobile/assets/app/files_application/profile.php on line 99
[28-Aug-2025 07:32:03 UTC] PHP Fatal error:  Uncaught Error: Call to a member function close() on null in /home/irvprxtj/public_html/mobile/assets/app/files_application/profile.php:99
Stack trace:
#0 {main}
  thrown in /home/irvprxtj/public_html/mobile/assets/app/files_application/profile.php on line 99
[28-Aug-2025 07:32:04 UTC] PHP Warning:  Undefined variable $config_stmt in /home/irvprxtj/public_html/mobile/assets/app/files_application/profile.php on line 99
[28-Aug-2025 07:32:04 UTC] PHP Fatal error:  Uncaught Error: Call to a member function close() on null in /home/irvprxtj/public_html/mobile/assets/app/files_application/profile.php:99
Stack trace:
#0 {main}
  thrown in /home/irvprxtj/public_html/mobile/assets/app/files_application/profile.php on line 99
[28-Aug-2025 18:27:58 UTC] PHP Fatal error:  Uncaught mysqli_sql_exception: Permission denied in /home/irvprxtj/public_html/mobile/assets/app/files_application/conn.php:12
Stack trace:
#0 /home/irvprxtj/public_html/mobile/assets/app/files_application/conn.php(12): mysqli->__construct('localhost', 'irvprxtj_apk', Object(SensitiveParameterValue), 'irvprxtj_apk')
#1 /home/irvprxtj/public_html/mobile/assets/app/files_application/profile.php(8): require_once('/home/irvprxtj/...')
#2 {main}
  thrown in /home/irvprxtj/public_html/mobile/assets/app/files_application/conn.php on line 12
[28-Aug-2025 18:28:00 UTC] PHP Fatal error:  Uncaught mysqli_sql_exception: Permission denied in /home/irvprxtj/public_html/mobile/assets/app/files_application/conn.php:12
Stack trace:
#0 /home/irvprxtj/public_html/mobile/assets/app/files_application/conn.php(12): mysqli->__construct('localhost', 'irvprxtj_apk', Object(SensitiveParameterValue), 'irvprxtj_apk')
#1 /home/irvprxtj/public_html/mobile/assets/app/files_application/profile.php(8): require_once('/home/irvprxtj/...')
#2 {main}
  thrown in /home/irvprxtj/public_html/mobile/assets/app/files_application/conn.php on line 12
[01-Sep-2025 19:43:55 UTC] PHP Warning:  Undefined variable $config_stmt in /home/irvprxtj/public_html/mobile/assets/app/files_application/profile.php on line 99
[01-Sep-2025 19:43:55 UTC] PHP Fatal error:  Uncaught Error: Call to a member function close() on null in /home/irvprxtj/public_html/mobile/assets/app/files_application/profile.php:99
Stack trace:
#0 {main}
  thrown in /home/irvprxtj/public_html/mobile/assets/app/files_application/profile.php on line 99
[01-Sep-2025 19:43:55 UTC] PHP Warning:  Undefined variable $config_stmt in /home/irvprxtj/public_html/mobile/assets/app/files_application/profile.php on line 99
[01-Sep-2025 19:43:55 UTC] PHP Fatal error:  Uncaught Error: Call to a member function close() on null in /home/irvprxtj/public_html/mobile/assets/app/files_application/profile.php:99
Stack trace:
#0 {main}
  thrown in /home/irvprxtj/public_html/mobile/assets/app/files_application/profile.php on line 99
[01-Sep-2025 19:44:11 UTC] PHP Warning:  Undefined variable $config_stmt in /home/irvprxtj/public_html/mobile/assets/app/files_application/profile.php on line 99
[01-Sep-2025 19:44:11 UTC] PHP Fatal error:  Uncaught Error: Call to a member function close() on null in /home/irvprxtj/public_html/mobile/assets/app/files_application/profile.php:99
Stack trace:
#0 {main}
  thrown in /home/irvprxtj/public_html/mobile/assets/app/files_application/profile.php on line 99
[01-Sep-2025 19:44:11 UTC] PHP Warning:  Undefined variable $config_stmt in /home/irvprxtj/public_html/mobile/assets/app/files_application/profile.php on line 99
[01-Sep-2025 19:44:11 UTC] PHP Fatal error:  Uncaught Error: Call to a member function close() on null in /home/irvprxtj/public_html/mobile/assets/app/files_application/profile.php:99
Stack trace:
#0 {main}
  thrown in /home/irvprxtj/public_html/mobile/assets/app/files_application/profile.php on line 99
[01-Sep-2025 19:44:23 UTC] PHP Warning:  Undefined variable $config_stmt in /home/irvprxtj/public_html/mobile/assets/app/files_application/profile.php on line 99
[01-Sep-2025 19:44:23 UTC] PHP Fatal error:  Uncaught Error: Call to a member function close() on null in /home/irvprxtj/public_html/mobile/assets/app/files_application/profile.php:99
Stack trace:
#0 {main}
  thrown in /home/irvprxtj/public_html/mobile/assets/app/files_application/profile.php on line 99
[01-Sep-2025 19:44:24 UTC] PHP Warning:  Undefined variable $config_stmt in /home/irvprxtj/public_html/mobile/assets/app/files_application/profile.php on line 99
[01-Sep-2025 19:44:24 UTC] PHP Fatal error:  Uncaught Error: Call to a member function close() on null in /home/irvprxtj/public_html/mobile/assets/app/files_application/profile.php:99
Stack trace:
#0 {main}
  thrown in /home/irvprxtj/public_html/mobile/assets/app/files_application/profile.php on line 99
[03-Sep-2025 13:23:21 UTC] PHP Fatal error:  Uncaught mysqli_sql_exception: Too many connections in /home/irvprxtj/public_html/mobile/assets/app/files_application/conn.php:12
Stack trace:
#0 /home/irvprxtj/public_html/mobile/assets/app/files_application/conn.php(12): mysqli->__construct('localhost', 'irvprxtj_apk', Object(SensitiveParameterValue), 'irvprxtj_apk')
#1 /home/irvprxtj/public_html/mobile/assets/app/files_application/profile.php(8): require_once('/home/irvprxtj/...')
#2 {main}
  thrown in /home/irvprxtj/public_html/mobile/assets/app/files_application/conn.php on line 12
[03-Sep-2025 13:23:23 UTC] PHP Fatal error:  Uncaught mysqli_sql_exception: Too many connections in /home/irvprxtj/public_html/mobile/assets/app/files_application/conn.php:12
Stack trace:
#0 /home/irvprxtj/public_html/mobile/assets/app/files_application/conn.php(12): mysqli->__construct('localhost', 'irvprxtj_apk', Object(SensitiveParameterValue), 'irvprxtj_apk')
#1 /home/irvprxtj/public_html/mobile/assets/app/files_application/profile.php(8): require_once('/home/irvprxtj/...')
#2 {main}
  thrown in /home/irvprxtj/public_html/mobile/assets/app/files_application/conn.php on line 12
[03-Sep-2025 13:23:23 UTC] PHP Fatal error:  Uncaught mysqli_sql_exception: Too many connections in /home/irvprxtj/public_html/mobile/assets/app/files_application/conn.php:12
Stack trace:
#0 /home/irvprxtj/public_html/mobile/assets/app/files_application/conn.php(12): mysqli->__construct('localhost', 'irvprxtj_apk', Object(SensitiveParameterValue), 'irvprxtj_apk')
#1 /home/irvprxtj/public_html/mobile/assets/app/files_application/profile.php(8): require_once('/home/irvprxtj/...')
#2 {main}
  thrown in /home/irvprxtj/public_html/mobile/assets/app/files_application/conn.php on line 12
[03-Sep-2025 13:23:25 UTC] PHP Fatal error:  Uncaught mysqli_sql_exception: Too many connections in /home/irvprxtj/public_html/mobile/assets/app/files_application/conn.php:12
Stack trace:
#0 /home/irvprxtj/public_html/mobile/assets/app/files_application/conn.php(12): mysqli->__construct('localhost', 'irvprxtj_apk', Object(SensitiveParameterValue), 'irvprxtj_apk')
#1 /home/irvprxtj/public_html/mobile/assets/app/files_application/profile.php(8): require_once('/home/irvprxtj/...')
#2 {main}
  thrown in /home/irvprxtj/public_html/mobile/assets/app/files_application/conn.php on line 12
[03-Sep-2025 13:23:27 UTC] PHP Fatal error:  Uncaught mysqli_sql_exception: Too many connections in /home/irvprxtj/public_html/mobile/assets/app/files_application/conn.php:12
Stack trace:
#0 /home/irvprxtj/public_html/mobile/assets/app/files_application/conn.php(12): mysqli->__construct('localhost', 'irvprxtj_apk', Object(SensitiveParameterValue), 'irvprxtj_apk')
#1 /home/irvprxtj/public_html/mobile/assets/app/files_application/profile.php(8): require_once('/home/irvprxtj/...')
#2 {main}
  thrown in /home/irvprxtj/public_html/mobile/assets/app/files_application/conn.php on line 12
[03-Sep-2025 13:23:27 UTC] PHP Fatal error:  Uncaught mysqli_sql_exception: Too many connections in /home/irvprxtj/public_html/mobile/assets/app/files_application/conn.php:12
Stack trace:
#0 /home/irvprxtj/public_html/mobile/assets/app/files_application/conn.php(12): mysqli->__construct('localhost', 'irvprxtj_apk', Object(SensitiveParameterValue), 'irvprxtj_apk')
#1 /home/irvprxtj/public_html/mobile/assets/app/files_application/profile.php(8): require_once('/home/irvprxtj/...')
#2 {main}
  thrown in /home/irvprxtj/public_html/mobile/assets/app/files_application/conn.php on line 12
[03-Sep-2025 13:23:28 UTC] PHP Fatal error:  Uncaught mysqli_sql_exception: Too many connections in /home/irvprxtj/public_html/mobile/assets/app/files_application/conn.php:12
Stack trace:
#0 /home/irvprxtj/public_html/mobile/assets/app/files_application/conn.php(12): mysqli->__construct('localhost', 'irvprxtj_apk', Object(SensitiveParameterValue), 'irvprxtj_apk')
#1 /home/irvprxtj/public_html/mobile/assets/app/files_application/profile.php(8): require_once('/home/irvprxtj/...')
#2 {main}
  thrown in /home/irvprxtj/public_html/mobile/assets/app/files_application/conn.php on line 12
[03-Sep-2025 13:23:28 UTC] PHP Fatal error:  Uncaught mysqli_sql_exception: Too many connections in /home/irvprxtj/public_html/mobile/assets/app/files_application/conn.php:12
Stack trace:
#0 /home/irvprxtj/public_html/mobile/assets/app/files_application/conn.php(12): mysqli->__construct('localhost', 'irvprxtj_apk', Object(SensitiveParameterValue), 'irvprxtj_apk')
#1 /home/irvprxtj/public_html/mobile/assets/app/files_application/profile.php(8): require_once('/home/irvprxtj/...')
#2 {main}
  thrown in /home/irvprxtj/public_html/mobile/assets/app/files_application/conn.php on line 12
[03-Sep-2025 13:23:31 UTC] PHP Fatal error:  Uncaught mysqli_sql_exception: Too many connections in /home/irvprxtj/public_html/mobile/assets/app/files_application/conn.php:12
Stack trace:
#0 /home/irvprxtj/public_html/mobile/assets/app/files_application/conn.php(12): mysqli->__construct('localhost', 'irvprxtj_apk', Object(SensitiveParameterValue), 'irvprxtj_apk')
#1 /home/irvprxtj/public_html/mobile/assets/app/files_application/profile.php(8): require_once('/home/irvprxtj/...')
#2 {main}
  thrown in /home/irvprxtj/public_html/mobile/assets/app/files_application/conn.php on line 12
[03-Sep-2025 13:23:31 UTC] PHP Fatal error:  Uncaught mysqli_sql_exception: Too many connections in /home/irvprxtj/public_html/mobile/assets/app/files_application/conn.php:12
Stack trace:
#0 /home/irvprxtj/public_html/mobile/assets/app/files_application/conn.php(12): mysqli->__construct('localhost', 'irvprxtj_apk', Object(SensitiveParameterValue), 'irvprxtj_apk')
#1 /home/irvprxtj/public_html/mobile/assets/app/files_application/profile.php(8): require_once('/home/irvprxtj/...')
#2 {main}
  thrown in /home/irvprxtj/public_html/mobile/assets/app/files_application/conn.php on line 12
[03-Sep-2025 13:23:31 UTC] PHP Fatal error:  Uncaught mysqli_sql_exception: Too many connections in /home/irvprxtj/public_html/mobile/assets/app/files_application/conn.php:12
Stack trace:
#0 /home/irvprxtj/public_html/mobile/assets/app/files_application/conn.php(12): mysqli->__construct('localhost', 'irvprxtj_apk', Object(SensitiveParameterValue), 'irvprxtj_apk')
#1 /home/irvprxtj/public_html/mobile/assets/app/files_application/profile.php(8): require_once('/home/irvprxtj/...')
#2 {main}
  thrown in /home/irvprxtj/public_html/mobile/assets/app/files_application/conn.php on line 12
[07-Sep-2025 19:02:03 UTC] PHP Fatal error:  Uncaught mysqli_sql_exception: Too many connections in /home/irvprxtj/public_html/mobile/assets/app/files_application/conn.php:12
Stack trace:
#0 /home/irvprxtj/public_html/mobile/assets/app/files_application/conn.php(12): mysqli->__construct('localhost', 'irvprxtj_apk', Object(SensitiveParameterValue), 'irvprxtj_apk')
#1 /home/irvprxtj/public_html/mobile/assets/app/files_application/profile.php(8): require_once('/home/irvprxtj/...')
#2 {main}
  thrown in /home/irvprxtj/public_html/mobile/assets/app/files_application/conn.php on line 12
